[BMS-RX] CMD=WRITEALL len=36 (expected 20)
[IMPORTANT]: Kintsugi prevented write at address 0x2000000C
[IMPORTANT]: Kintsugi prevented write at address 0x2000000C
[IMPORTANT]: Kintsugi prevented write at address 0x2000000C
[IMPORTANT]: Kintsugi prevented write at address 0x2000000C
[IMPORTANT]: Kintsugi prevented write at address 0x2000000C
[IMPORTANT]: Kintsugi prevented write at address 0x2000000C
[IMPORTANT]: Kintsugi prevented write at address 0x2000000C
[IMPORTANT]: Kintsugi prevented write at address 0x2000000C
[IMPORTANT]: Kintsugi prevented write at address 0x2000000C
[IMPORTANT]: Kintsugi prevented write at address 0x2000000C
[IMPORTANT]: Kintsugi prevented write at address 0x2000000C
[IMPORTANT]: Kintsugi prevented write at address 0x2000000C
[IMPORTANT]: Kintsugi prevented write at address 0x2000000C
[IMPORTANT]: Kintsugi prevented write at address 0x2000000C
[IMPORTANT]: Kintsugi prevented write at address 0x2000000C
[IMPORTANT]: Kintsugi prevented write at address 0x2000000C
[IMPORTANT]: Kintsugi prevented write at address 0x2000000C
[IMPORTANT]: Kintsugi prevented write at address 0x2000000C
[IMPORTANT]: Kintsugi prevented write at address 0x2000000C
[IMPORTANT]: Kintsugi prevented write at address 0x2000000C
[IMPORTANT]: Kintsugi prevented write at address 0x2000000C
[IMPORTANT]: Kintsugi prevented write at address 0x2000000C
[IMPORTANT]: Kintsugi prevented write at address 0x2000000C
[IMPORTANT]: Kintsugi prevented write at address 0x2000000C
[IMPORTANT]: Kintsugi prevented write at address 0x2000000C
[IMPORTANT]: Kintsugi prevented write at address 0x2000000C
[IMPORTANT]: Kintsugi prevented write at address 0x2000000C
[IMPORTANT]: Kintsugi prevented write at address 0x2000000C
[IMPORTANT]: Kintsugi prevented write at address 0x2000000C
[IMPORTANT]: Kintsugi prevented write at address 0x2000000C
[IMPORTANT]: Kintsugi prevented write at address 0x2000000C
[IMPORTANT]: Kintsugi prevented write at address 0x2000000C
[IMPORTANT]: Kintsugi prevented write at address 0x2000000C
[IMPORTANT]: Kintsugi prev[[[e[BMS][MON] V=V I=A T=C
[BMS][EST] SoC=% SoH=%
[BMS-RX] CMD=WRITEALL len=36 (expected 20)
[IMPORTANT]: Kintsugi prevented write at address 0x2000000C
[IMPORTANT]: Kintsugi prevented write at address 0x2000000C
[IMPORTANT]: Kintsugi prevented write at address 0x2000000C
[IMPORTANT]: Kintsugi prevented write at address 0x2000000C
[IMPORTANT]: Kintsugi prevented write at address 0x2000000C
[IMPORTANT]: Kintsugi prevented write at address 0x2000000C
[IMPORT[[[[[[[[[[[[[[[[[[[[[[[[[[[[[[i[BMS-RX] CMD=WRITEALL len=36 (expected 20)
[IMPORTANT]: Kintsugi prevented write at address 0x2000000C
[IMPORTANT]: Kintsugi prevented write at address 0x2000000C
[IMPORTANT]: Kintsugi prevented write at address 0x2000000C
[IMPORTANT]: Kintsugi prevented write at address 0x2000000C
[IMPORTANT]: Kintsugi prevented write at address 0x2000000C
[IMPORTANT]: Kintsugi prevented write at addr[[[[[[[[[[[[[[[[[[[[[[[[[[[[[[[i[BMS][MON] V=V I=A T=C
[BMS][EST] SoC=% SoH=%
[BMS-RX] CMD=WRITEALL len=36 (expected 20)
[IMPORTANT]: Kintsugi prevented write at address 0x2000000C
[IMPORTANT]: Kintsugi prevented write at address 0x2000000C
[IMPORTANT]: Kintsugi prevented write at address 0x2000000C
[IMPORTANT]: Kintsugi prevented write at address 0x2000000C
[IMPORTANT]: Kintsugi prevented write at address 0x2000000C
[IMPORTANT]: Kintsugi prevented write at address 0x2000000C
[IMPORTANT]: Kintsugi prevented write at address 0x2000000C
[IMPORTANT]: Kintsugi prevented write at address 0x2000000C
[IMPORTANT][[[[[[[[[[[[[[[[[[[[[[[[[[[[y[BMS-RX] CMD=WRITEALL len=36 (expected 20)
[IMPORTANT]: Kintsugi prevented write at address 0x2000000C
[IMPORTANT]: Kintsugi prevented write at address 0x2000000C
[IMPORTANT]: Kintsugi prevented write at address 0x2000000C
[IMPORTANT]: Kintsugi prevented write at address 0x2000000C
[IMPORTANT]: Kintsugi prevented write at address 0x2000000C
[IMPORTANT]: Kintsugi prevented write at addre[[[[[[[[[[[[[[[[[[[[[[[[[[[[[[[l[BMS][MON] V=V I=A T=C
[BMS][EST] SoC=% SoH=%
[BMS-RX] CMD=WRITEALL len=36 (expected 20)
[IMPORTANT]: Kintsugi prevented write at address 0x2000000C
[IMPORTANT]: Kintsugi prevented write at address 0x2000000C
[IMPORTANT]: Kintsugi prevented write at address 0x2000000C
[IMPORTANT]: Kintsugi prevented write at address 0x2000000C
[IMPORTANT]: Kintsugi prevented write at address 0x2000000C
[IMPO[[[[[[[[[[[[[[[[[[[[[[[[[[[[[[[ [BMS][COMM] TX frame: V= SoC=% SoH=% FAULT=0
[BMS-RX] CMD=WRITEALL len=36 (expected 20)
[IMPORTANT]: Kintsugi prevented write at address 0x2000000C
[IMPORTANT]: Kintsugi prevented write at address 0x2000000C
[IMPORTANT]: Kintsugi prevented write at address 0x2000000C
[IMPORTANT]: Kintsugi prevented write at address 0x2000000C
[IMPORTANT]: Kintsugi prevented write at address 0x2000000C
[IMPORTANT]: Kintsugi prevented write at address 0x2000000C
[IMPORTANT]: Kintsugi prevented write at address 0x2000000C
[IMPORTANT]: Kintsugi prevented write at address 0x2000000C
[IMPORTANT]: [[[[[[[[[[[[[[[[[[[[[[[[[[[[l[[[BMS-RX] CMD=WRITEALL len=36 (expected 20)
[IMPORTANT]: Kintsugi prevented write at address 0x2000000C
[IMPORTANT]: Kintsugi prevented write at address 0x2000000C
[IMPORTANT]: Kintsugi prevented write at address 0x2000000C
[IMPORTANT]: Kintsugi prevented write at address 0x2000000C
[IMPORTANT]: Kintsugi prevented write at address 0x2000000C
[IMPORTANT]: Kintsugi prevented write at address 0x2000000C
[IMPORTANT]: Kintsugi prevented write at address 0x2000000C
[IMPORTANT]: Kintsugi pre[[[[[[[[[[[[[[[[[[[[[[[[[[[[[l[BMS-RX] CMD=WRITEALL len=36 (expected 20)
[IMPORTANT]: Kintsugi prevented write at address 0x2000000C
[IMPORTANT]: Kintsugi prevented write at address 0x2000000C
[IMPORTANT]: Kintsugi prevented write at address 0x2000000C
[IMPORTANT]: Kintsugi prevented write at address 0x2000000C
[IMPORTANT]: Kintsugi prevented write at address 0x2000000C
[IMPORTANT]: Kintsugi prevented write at addr[[[[[[[[[[[[[[[[[[[[[[[[[[[[[[[i[BMS][MON] V= [[BMS-RX] CMD=WRITEALL len=36 (expected 20)
[IMPORTANT]: Kintsugi prevented write at address 0x2000000C
[IMPORTANT]: Kintsugi prevented write at address 0x2000000C
[IMPORTANT]: Kintsugi prevented write at address 0x2000000C
[IMPORTANT]: Kintsugi prevented write at address 0x2000000C
[IMPORTANT]: Kintsugi prevented write at address 0x2000000C
[IMPORTANT]: Kintsugi prevented write at[[[[[[[[[[[[[[[[[[[[[[[[[[[[[[[l[BMS][MON] V=V I=A T=C
[BMS][EST] SoC=% SoH=%
[BMS-RX] CMD=WRITEALL len=36 (expected 20)
[IMPORTANT]: Kintsugi prevented write at address 0x2000000C
[IMPORTANT]: Kintsugi prevented write at address 0x2000000C
[IMPORTANT]: Kintsugi prevented write at address 0x2000000C
[IMPORTANT]: Kintsugi prevented write at address 0x2000000C
[IMPORTANT]: Kintsugi prevented write at address 0x2000000C
[IMPORTANT]: Kintsugi prevented write at address 0x2000000C
[IMPORTANT]: Kintsugi prevented write at address 0x2000000C
[IMPORTANT]: Kintsugi prevented write at address 0x2000000C
[IMPORTANT]: Kintsugi prevented[[[[[[[[[[[[[[[[[[[[[[[[[[[[r[BMS-RX] CMD=WRITEALL len=36 (expected 20)
[IMPORTANT]: Kintsugi prevented write at address 0x2000000C
[IMPORTANT]: Kintsugi prevented write at address 0x2000000C
[IMPORTANT]: Kintsugi prevented write at address 0x2000000C
[IMPORTANT]: Kintsugi prevented write at address 0x2000000C
[IMPORTANT]: Kintsugi prevented write at address 0x2000000C
[IMPORTANT]: Kintsugi prevented write at address 0x[[[[[[[[[[[[[[[[[[[[[[[[[[[[[[[i[BMS-RX] CMD=WRITEALL len=36 (expected 20)
[IMPORTANT]: Kintsugi prevented write at address 0x2000000C
[IMPORTANT]: Kintsugi prevented write at address 0x2000000C
[IMPORTANT]: Kintsugi prevented write at address 0x2000000C
[IMPORTANT]: Kintsugi prevented write at address 0x2000000C
[IMPORTANT]: Kintsugi prevented write at address 0x2000000C
[IMPORTANT]: Kintsugi prevented write at address 0x2000000C
[I[[[[[IMPORTANT][[[[[[[IMPORTANT]:[[[[[[[BMS][MON] V=[[[[[[[IMPORTANT][[[[[ [BMS-RX] CMD=WRITEALL len=36 (expected 20)
[IMPORTANT]: Kintsugi prevented write at address 0x2000000C
[IMPORTANT]: Kintsugi prevented write at address 0x2000000C
[IMPORTANT]: Kintsugi prevented write at address 0x2000000C
[IMPORTANT]: Kintsugi prevented write at address 0x2000000C
[IMPORTANT]: Kintsugi prevented write at address 0x2000000C
[IMPORTANT]: Kintsugi prevented write at address 0x2000000C
[IMPORTANT]: Kin[[[[[[[[[[[[[[[[[[[[[[[[[[[[[[i[BMS][MON] V=V I=A T=C
[BMS][EST] SoC=% SoH=%
[BMS-RX] CMD=WRITEALL len=36 (expected 20)
[IMPORTANT]: Kintsugi prevented write at address 0x2000000C
[IMPORTANT]: Kintsugi prevented write at address 0x2000000C
[IMPORTANT]: Kintsugi prevented write at address 0x2000000C
[IMPORTANT]: Kintsugi prevented write at address 0x2000000C
[IMPORTANT]: Kintsugi prevented write at address 0x2000000C
[IMPORTANT]: Kintsugi prevented write at address 0x2000000C
[IMPORTANT]: Kintsugi prevented write at address 0x2000000C
[IMPORTANT]: Kintsugi prevented write at address 0x2000000C
[IMPORTANT][[[[[[[[[[[[[[[[[[[[[[[[[[[[([BMS-RX] CMD=WRITEALL len=36 (expected 20)
[IMPORTANT]: Kintsugi prevented write at address 0x2000000C
[IMPORTANT]: Kintsugi prevented write at address 0x2000000C
[IMPORTANT]: Kintsugi prevented write at address 0x2000000C
[IMPORTANT]: Kintsugi prevented write at address 0x2000000C
[IMPORTANT]: Kintsugi prevented write at address 0x2000000C
[IMPORTANT]: Kintsugi prevented write at a[[[[[[[[[[[[[[[[[[[[[[[[[[[[[[[ [o[BMS-RX] CMD=WRITEALL len=36 (expected 20)
[IMPORTANT]: Kintsugi prevented write at address 0x2000000C
[IMPORTANT]: Kintsugi prevented write at address 0x2000000C
[IMPORTANT]: Kintsugi prevented write at address 0x2000000C
[IMPORTANT]: Kintsugi prevented write at address 0x2000000C
[IMPORTANT]: Kintsugi prevented write at address 0x2000000C
[IMPORTANT]: Kintsugi prevented write at addres[[[[[[[[[[[[[[[[[[[[[[[[[[[[[[[[d[BMS-RX] CMD=WRITEALL len=36 (expected 20)
[IMPORTANT]: Kintsugi prevented write at address 0x2000000C
[IMPORTANT]: Kintsugi prevented write at address 0x2000000C
[IMPORTANT]: Kintsugi prevented write at address 0x2000000C
[IMPORTANT]: Kintsugi prevented write at address 0x2000000C
[IMPORTANT]: Kintsugi prevented write at address 0x2000000C
[IMPORTANT]: Kintsugi prevented write at address 0x2000000C
[IMPORTANT]: Kintsug[[[[[[[[[[[[[[[[[[[[[[[[[[[[[[r[BMS][MON] V=V I=A T=C
[BMS][EST] SoC=% SoH=%
[BMS-RX] CMD=WRITEALL len=36 (expected 20)
[IMPORTANT]: Kintsugi prevented write at address 0x2000000C
[IMPORTANT]: Kintsugi prevented write at address 0x2000000C
[IMPORTANT]: Kintsugi prevented write at address 0x2000000C
[IMPORTANT]: Kintsugi prevented write at address 0x2000000C
[IMPORTANT]: Kintsugi prevented write at address 0x2000000C
[IMPORTANT]: Kintsugi prevented write at address 0x2000000C
[IMPORTANT]: Kintsugi prevented write at address 0x2000000C
[IMPORTANT]: Kintsugi prevented write at address 0x2000000C
[IMPORTANT]: Kintsugi prevented write at address[[[[[[[[[[[[[[[[[[[[[[[[[[[[ [BMS-RX] CMD=WRITEALL len=36 (expected 20)
[IMPORTANT]: Kintsugi prevented write at address 0x2000000C
[IMPORTANT]: Kintsugi prevented write at address 0x2000000C
[IMPORTANT]: Kintsugi prevented write at address 0x2000000C
[IMPORTANT]: Kintsugi prevented write at address 0x2000000C
[IMPORTANT]: Kintsugi prevented write at address 0x2000000C
[IMPORTANT]: Kintsugi prevented write at addres[[[[[[[[[[[[[[[[[[[[[[[[[[[[[[[l[BMS-RX] CMD=WRITEALL len=36 (expected 20)
[IMPORTANT]: Kintsugi prevented write at address 0x2000000C
[IMPORTANT]: Kintsugi prevented write at address 0x2000000C
[IMPORTANT]: Kintsugi prevented write at address 0x2000000C
[IMPORTANT]: Kintsugi prevented write at address 0x2000000C
[BMS][MON] V=V I=A T=C
[BMS][EST] SoC=% SoH=%
[IMPORTANT]: Kintsugi prevented write at address 0x2000[[[[[[[[[[[[[[[[[[[[[[[[[[[[[[[[n[BMS-RX] CMD=WRITEALL len=36 (expected 20)
[IMPORTANT]: Kintsugi prevented write at address 0x2000000C
[IMPORTANT]: Kintsugi prevented write at address 0x2000000C
[IMPORTANT]: Kintsugi prevented write at address 0x2000000C
[IMPORTANT]: Kintsugi prevented write at address 0x2000000C
[IMPORTANT]: Kintsugi prevented write at address 0x2000000C
[IMPORTANT]: Kintsugi prevented write at address 0x2000000C
[IMPORTANT]: Kintsugi prevented write at address 0x2000000C
[IMPORTANT]: Kintsugi prevented write at address 0x2000000C
[IMPORTANT]: Kintsugi prevented [[[[[[[[[[[[[[[[[[[[[[[[[[[[ [BMS][MON] V=V I=A T=C
[BMS][EST] SoC=% SoH=%
[BMS-RX] CMD=WRITEALL len=36 (expected 20)
[IMPORTANT]: Kintsugi prevented write at address 0x2000000C
[IMPORTANT]: Kintsugi prevented write at address 0x2000000C
[IMPORTANT]: Kintsugi prevented write at address 0x2000000C
[IMPORTANT]: Kintsugi prevented write at address 0x2000000C
[IMPORTANT]: Kintsugi prevented write at address 0x2000000C
[IMPORTANT]: Kin[[[[[[[[[[[[[[[[[[[[[[[[[[[[[[[ [BMS-RX] CMD=WRITEALL len=36 (expected 20)
[IMPORTANT]: Kintsugi prevented write at address 0x2000000C
[IMPORTANT]: Kintsugi prevented write at address 0x2000000C
[IMPORTANT]: Kintsugi prevented write at address 0x2000000C
[IMPORTANT]: Kintsugi prevented write at address 0x2000000C
[IMPORTANT]: Kintsugi prevented write at address 0x2000000C
[IMPORTANT]: Kintsugi prevented write at address[[[[[[[[[[[[[[[[[[[[[[[[[[[[[[[ [BMS-RX] CMD=WRITEALL len=36 (expected 20)
[IMPORTANT]: Kintsugi prevented write at address 0x2000000C
[IMPORTANT]: Kintsugi prevented write at address 0x2000000C
[IMPORTANT]: Kintsugi prevented write at address 0x2000000C
[IMPORTANT]: Kintsugi prevented write at address 0x2000000C
[IMPORTANT]: Kintsugi prevented write at address 0x2000000C
[IMPORTANT]: Kintsugi prevented write at address 0x20[[[[[[[[[[[[[[[[[[[[[[[[[[[[[[[l[BMS][MON] V=C[[BMS][COMM] TX frame: V= SoC=% SoH=% FAULT=0
[BMS-RX] CMD=WRITEALL len=36 (expected 20)
[IMPORTANT]: Kintsugi prevented write at address 0x2000000C
[IMPORTANT]: Kintsugi prevented write at address 0x2000000C
[IMPORTANT]: Kintsugi prevented write at address 0x2000000C
[IMPORTANT]: Kintsugi prevented write at address 0x2000000C
[IMPORTANT]: Kintsugi prevented write at address 0x2000000C
[IMPORTANT]: Kintsugi prevented write at address 0x2000000C
[IMPORTANT]: Kintsugi prevented write at address 0x2000000C
[IMPORTANT]: Kintsugi prevented write at address 0x2000000C
[I[[[[[[[[[[[[[[[[[[[[[[[[[[[[l[BMS][MON] V=V I=A T=C
[BMS][EST] SoC=% SoH=%
[BMS-RX] CMD=WRITEALL len=36 (expected 20)
[IMPORTANT]: Kintsugi prevented write at address 0x2000000C
[IMPORTANT]: Kintsugi prevented write at address 0x2000000C
[IMPORTANT]: Kintsugi prevented write at address 0x2000000C
[IMPORTANT]: Kintsugi prevented write at address 0x2000000C
[IMPORTANT]: Kintsugi prevented write at address 0x2000000C
[IMPORTANT]: Kintsugi preve[[[[[[[[[[[[[[[[[[[[[[[[[[[[[[[e[BMS-RX] CMD=WRITEALL len=36 (expected 20)
[IMPORTANT]: Kintsugi prevented write at address 0x2000000C
[IMPORTANT]: Kintsugi prevented write at address 0x2000000C
[IMPORTANT]: Kintsugi prevented write at address 0x2000000C
[IMPORTANT]: Kintsugi prevented write at address 0x2000000C
[IMPORTANT]: Kintsugi prevented write at address 0x2000000C
[IMPORTANT]: Kintsugi prevented write at address 0x2000000C
[IMPORTANT]: Kintsugi prevented write at address 0x2000000C
[IMPOR[[[[[[[[[[[[[[[[[[[[[[[[[[[[[([BMS-RX] CMD=WRITEALL len=36 (expected 20)
[IMPORTANT]: Kintsugi prevented write at address 0x2000000C
[IMPORTANT]: Kintsugi prevented write at address 0x2000000C
[IMPORTANT]: Kintsugi prevented write at address 0x2000000C
[IMPORTANT]: Kintsugi prevented write at address 0x2000000C
[IMPORTANT]: Kintsugi prevented write at address 0x2000000C
[IMPORTANT]: Kintsugi prevented write at address 0[[[[[T[[[[[[[[[[[[[[[[[[[[[[[[[[[e[BMS-RX] CMD=WRITEALL len=36 (expected 20)
[IMPORTANT]: Kintsugi prevented write at address 0x2000000C
[IMPORTANT]: Kintsugi prevented write at address 0x2000000C
[IMPORTANT]: Kintsugi prevented write at address 0x2000000C
[IMPORTANT]: Kintsugi prevented write at address 0x2000000C
[IMPORTANT]: Kintsugi prevented write at address 0x2000000C
[IMPORTANT]: Kintsugi prevented write at address 0x2000000C
[IMPORTA[[[[[[[[[[[[[[[[[[[[[[[[[[[[[[p[BMS-RX] CMD=WRITEALL len=36 (expected 20)
[IMPORTANT]: Kintsugi prevented write at address 0x2000000C
[IMPORTANT]: Kintsugi prevented write at address 0x2000000C
[IMPORTANT]: Kintsugi prevented write at address 0x2000000C
[IMPORTANT]: Kintsugi prevented write at address 0x2000000C
[IMPORTANT]: Kintsugi prevented write at address 0x2000000C
[IMPORTANT]: Kintsugi prevented write at address 0x2000000C
[IMPORTANT]: Kintsugi prevente[[[[[[[[[[[[[[[[[[[[[[[[[[[[[[ [B[[BMS-RX] CMD=WRITEALL len=36 (expected 20)
[IMPORTANT]: Kintsugi prevented write at address 0x2000000C
[IMPORTANT]: Kintsugi prevented write at address 0x2000000C
[IMPORTANT]: Kintsugi prevented write at address 0x2000000C
[IMPORTANT]: Kintsugi prevented write at address 0x2000000C
[IMPORTANT]: Kintsugi prevented write at address 0x2000000C
[IMPORTANT]: Kintsugi prevented write at address 0x2000000C
[IMPORTANT]: Kints[[[[[[[[[[[[[[[[[[[[[[[[[[[[[[y[BMS][MON] V=V I=A T=C
[BMS][EST] SoC=% SoH=%
[BMS-RX] CMD=WRITEALL len=36 (expected 20)
[IMPORTANT]: Kintsugi prevented write at address 0x2000000C
[IMPORTANT]: Kintsugi prevented write at address 0x2000000C
[IMPORTANT]: Kintsugi prevented write at address 0x2000000C
[IMPORTANT]: Kintsugi prevented write at address 0x2000000C
[IMPORTANT]: Kintsugi prevented write at address 0x2000000C
[IMPORTANT]: Kintsugi prevented write at address 0x2000000C
[IMPORTANT]: Kintsugi prevented write at address 0x2000000C
[IMPORTANT]: Kintsugi prevented write at address 0x2000000C
[IMPORTANT]: Kintsugi prevent[[[[[[[[[[[[[[[[[[[[[[[[[[[[ [BMS-RX] CMD=WRITEALL len=36 (expected 20)
[IMPORTANT]: Kintsugi prevented write at address 0x2000000C
[IMPORTANT]: Kintsugi prevented write at address 0x2000000C
[IMPORTANT]: Kintsugi prevented write at address 0x2000000C
[IMPORTANT]: Kintsugi prevented write at address 0x2000000C
[IMPORTANT]: Kintsugi prevented write at address 0x2000000C
[IMPORTANT]: Kintsugi prevented write at address 0x20[[[[[[[[[[[[[[[[[[[[[[[[[[[[[[[r[BMS-RX] CMD=WRITEALL len=36 (expected 20)
[IMPORTANT]: Kintsugi prevented write at address 0x2000000C
[IMPORTANT]: Kintsugi prevented write at address 0x2000000C
[IMPORTANT]: Kintsugi prevented write at address 0x2000000C
[IMPORTANT]: Kintsugi prevented write at address 0x2000000C
[IMPORTANT]: Kintsugi prevented write at address 0x2000000C
[IMPORTANT]: Kintsugi prevented write at addre[[[[[[[[[[[[[[[[[[[[[[[[[[[M[[[[[k[BMS][PROT] FAULT! V= I= T= (OVP=1 UVP=0 OCP=0 OTP=0 UTP=0)
[BMS-RX] CMD=WRITEALL len=36 (expected 20)
[IMPORTANT]: Kintsugi prevented write at address 0x2000000C
[IMPORTANT]: Kintsugi prevented write at address 0x2000000C
[IMPORTANT]: Kintsugi prevented write at address 0x2000000C
[IMPORTANT]: Kintsugi prevented write at address 0x2000000C
[IMPORTANT]: Kintsugi prevented write at address 0x2000000C
[IMPORTANT]: Kintsugi prevented write at address 0[[[[[[[[[[[[[[[[[[[[[[[[[[[[[[[p[BMS][COMM] TX frame: V= SoC=% SoF[BMS-RX] CMD=WRITEALL len=36 (expected 20)
[IMPORTANT]: Kintsugi prevented write at address 0x2000000C
[IMPORTANT]: Kintsugi prevented write at address 0x2000000C
[IMPORTANT]: Kintsugi prevented write at address 0x2000000C
[IMPORTANT]: Kintsugi prevented write at address 0x2000000C
[BMS][PROT] FAULT! V= I= T= (OVP=1 UVP=0 OCP=0 OTP=0 UTP=0)
[IMPORTANT]: Kintsugi prevented write at address 0x[[[[[[[[[[[[[[[[[[[[[[[[[[[[[[[[[M[[BMS][PROT] FAULT! V= I= T= (OVP=1 UVP=0 OCP=0 OTP=0 UTP=0)
[BMS-RX] CMD=WRITEALL len=36 (expected 20)
[IMPORTANT]: Kintsugi prevented write at address 0x2000000C
[IMPORTANT]: Kintsugi prevented write at address 0x2000000C
[IMPORTANT]: Kintsugi prevented write at address 0x2000000C
[IMPORTANT]: Kintsugi prevented write at address 0x2000000C
[IMPORTANT]: Kintsugi prevented write at address 0x2000000C
[IMPORTANT]: Kintsugi prevented write at address 0x2000000C
[IMPORTANT]: Kintsugi prev[[[[[[[[[[[[[[[[[[[[[[[[[[[[[[k[BMS-RX] CMD=WRITEALL len=36 (expected 20)
[IMPORTANT]: Kintsugi prevented write at address 0x2000000C
[IMPORTANT]: Kintsugi prevented write at address 0x2000000C
[IMPORTANT]: Kintsugi prevented write at address 0x2000000C
[IMPORTANT]: Kintsugi prevented write at address 0x2000000C
[IMPORTANT]: Kintsugi prevented write at address 0x2000000C
[IMPORTANT]: Kintsugi prevented write at address[[[[[[[[[[[[[[[[[[[[[[[[[[BM[[[[[M[[[BMS-RX] CMD=WRITEALL len=36 (expected 20)
[IMPORTANT]: Kintsugi prevented write at address 0x2000000C
[IMPORTANT]: Kintsugi prevented write at address 0x2000000C
[IMPORTANT]: Kintsugi prevented write at address 0x2000000C
[IMPORTANT]: Kintsugi prevented write at address 0x2000000C
[IMPORTANT]: Kintsugi prevented write at address 0x2000000C
[IMPORTANT]: Kintsugi prevented write at address 0x2000000C
[IMPORTANT]: Kintsugi prevented write at addres[[[[[[[[[[[[[[[[[[BS[[[[[[[[[[[[l[BMS-RX] CMD=WRITEALL len=36 (expected 20)
[IMPORTANT]: Kintsugi prevented write at address 0x2000000C
[IMPORTANT]: Kintsugi prevented write at address 0x2000000C
[IMPORTANT]: Kintsugi prevented write at address 0x2000000C
[IMPORTANT]: Kintsugi prevented write at address 0x2000000C
[IMPORTANT]: Kintsugi prevented write at address 0x2000000C
[IMPORTANT]: Kintsugi prevented write at address 0x2000000C
[IMPORTANT]: Kintsugi prevented write[[[[[[[[[[[[[[[[[[BS[[[[[[[[[[[[[l[BMS][PROT] FAULT! V= I= T= (OVP=1 UVP=0 OCP=0 OTP=0 UTP=0)
[BMS-RX] CMD=WRITEALL len=36 (expected 20)
[IMPORTANT]: Kintsugi prevented write at address 0x2000000C
[IMPORTANT]: Kintsugi prevented write at address 0x2000000C
[IMPORTANT]: Kintsugi prevented write at address 0x2000000C
[IMPORTANT]: Kintsugi prevented write at address 0x2000000C
[IMPORTANT]: Kintsugi prevented write at address 0x2000000C
[IMPORTANT]: Kintsugi prevented write at address 0x2000000C
[IMPORTANT]: Kintsugi pre[[[[[[[[[[[[[[[[[[[[[[[[[[[[[[l[BMS-RX] CMD=WRITEALL len=36 (expected 20)
[IMPORTANT]: Kintsugi prevented write at address 0x2000000C
[IMPORTANT]: Kintsugi prevented write at address 0x2000000C
[IMPORTANT]: Kintsugi prevented write at address 0x2000000C
[IMPORTANT]: Kintsugi prevented write at address 0x2000000C
[IMPORTANT]: Kintsugi prevented write at address 0x2000000C
[IMPORTANT]: Kintsugi prevented write at addres[[[[[[[[[[[[[[[[[[[[[[[[[[[B[B[[[[[[([BMS][PROT] FAULT! V= I= T= (OVP=1 UVP=0 OCP=0 OTP=0 UTP=0)
[BMS-RX] CMD=WRITEALL len=36 (expected 20)
[IMPORTANT]: Kintsugi prevented write at address 0x2000000C
[IMPORTANT]: Kintsugi prevented write at address 0x2000000C
[IMPORTANT]: Kintsugi prevented write at address 0x2000000C
[IMPORTANT]: Kintsugi prevented write at address 0x2000000C
[IMPORTANT]: Kintsugi prevented write at address 0x2000000C
[IMPORTANT]: Kintsugi prevented write at address 0x2000000C
[IMPORTANT]: Kintsugi prevented write at address 0x2000000C
[IMPORTANT]: Kintsugi prevented write at address 0x2000000C
[IMPORTANT]: Kintsugi prevented write at addre[[[[[[[[[[[[[[[[[[[[[[[[[[[[e[BMS][MON] V=V I=A T=C
[BMS][EST] SoC=% SoH=%
[BMS][PROT] FAULT! V= I= T= (OVP=1 UVP=0 OCP=0 OTP=0 UTP=0)
[BMS-RX] CMD=WRITEALL len=36 (expected 20)
[IMPORTANT]: Kintsugi prevented write at address 0x2000000C
[IMPORTANT]: Kintsugi prevented write at address 0x2000000C
[IMPORTANT]: Kintsugi prevented write at address 0x2000000C
[IMPORTANT]: Kintsugi prevented write at address 0x2000000C
[IM[[[[[[[[[[[[[[[[[[[[[[[[[[[[[[[[y[BMS][PROT] FAULT! V= I= T= (OVP=1 UVP=0 OCP=0 OTP=0 UTP=0)
[BMS-RX] CMD=WRITEALL len=36 (expected 20)
[IMPORTANT]: Kintsugi prevented write at address 0x2000000C
[IMPORTANT]: Kintsugi prevented write at address 0x2000000C
[IMPORTANT]: Kintsugi prevented write at address 0x2000000C
[IMPORTANT]: Kintsugi prevented write at address 0x2000000C
[IMPORTANT]: Kintsugi prevented write at address 0x2000[[[[[[[[[[[[[[[[[[[[[[[[[[[[[[[[k[ [BMS-RX] CMD=WRITEALL len=36 (expected 20)
[IMPORTANT]: Kintsugi prevented write at address 0x2000000C
[IMPORTANT]: Kintsugi prevented write at address 0x2000000C
[IMPORTANT]: Kintsugi prevented write at address 0x2000000C
[IMPORTANT]: Kintsugi prevented write at address 0x2000000C
[BMS][MON] V=V I=A T=C
[BMS][EST] SoC=% SoH=%
[BMS][PROT] FAULT! V= I= T= (OVP=1 UVP=0 OCP=0 OTP=0 UTP=0)
[IMPORTANT]: Kintsugi prevented write a[[[[[[[[[[[[[[[[[[[[[[[[[[[[[[[[e[BMS][PROT] FAULT! V= I= T= (OVP=1 UVP=0 OCP=0 OTP=0 UTP=0)
[BMS-RX] CMD=WRITEALL len=36 (expected 20)
[IMPORTANT]: Kintsugi prevented write at address 0x2000000C
[IMPORTANT]: Kintsugi prevented write at address 0x2000000C
[IMPORTANT]: Kintsugi prevented write at address 0x2000000C
[IMPORTANT]: Kintsugi prevented write at address 0x2000000C
[IMPORTANT]: Kintsugi prevented write at address 0x2000000C
[IMPORTANT]: Kintsugi prevented write at address 0x2000000C
[IMPORTANT]: Ki[[[[[[[[[[[[[[[[[[[[[[[[[[[[[[l[BMS-RX] CMD=WRITEALL len=36 (expected 20)
[IMPORTANT]: Kintsugi prevented write at address 0x2000000C
[IMPORTANT]: Kintsugi prevented write at address 0x2000000C
[IMPORTANT]: Kintsugi prevented write at address 0x2000000C
[IMPORTANT]: Kintsugi prevented write at address 0x2000000C
[BMS][MON] V=V I=A T=C
[BMS][EST] SoC=% SoH=%
[BMS][PROT] FAULT! V= I= T= (OVP=1 UVP=0 OCP=0 OTP=0 UTP=0)
[IMPORTANT]: Kintsugi prevented write at address 0x2000000C
[IMPORT[[[[[[[[[[[[[[[[[[[[[[[[[[[[[[[([BMS-RX] CMD=WRITEALL len=36 (expected 20)
[IMPORTANT]: Kintsugi prevented write at address 0x2000000C
[IMPORTANT]: Kintsugi prevented write at address 0x2000000C
[IMPORTANT]: Kintsugi prevented write at address 0x2000000C
[IMPORTANT]: Kintsugi prevented write at address 0x2000000C
[IMPORTANT]: Kintsugi prevented write at address 0x2000000C
[IMPORTANT]: Kintsugi prevented write at addre[[[[[[[[[[[[[[[[[[[[[[[[[[[[[[[l[BMS[BMS][MON] V=V I=A T=C
[BMS][EST] SoC=% SoH=%
[BMS][PROT] FAULT! V= I= T= (OVP=1 UVP=0 OCP=0 OTP=0 UTP=0)
[BMS-RX] CMD=WRITEALL len=36 (expected 20)
[IMPORTANT]: Kintsugi prevented write at address 0x2000000C
[IMPORTANT]: Kintsugi prevented write at address 0x2000000C
[IMPORTANT]: Kintsugi prevented write at address 0x2000000C
[IMPORTANT]: Kintsugi prevented write at address 0x2000000C
[IMPORTANT]: Kintsugi prevented write at address 0x2000000C
[IMPORTANT]: Kintsugi prevented write at address 0x2000000C
[IMPORTANT]: Kintsugi prevented write at address 0x2000000C
[IMPORTANT]: K[[[[[[[[[[[[[[[[[[[[[[[[[[[[[l[BMS-RX] CMD=WRITEALL len=36 (expected 20)
[IMPORTANT]: Kintsugi prevented write at address 0x2000000C
[IMPORTANT]: Kintsugi prevented write at address 0x2000000C
[IMPORTANT]: Kintsugi prevented write at address 0x2000000C
[IMPORTANT]: Kintsugi prevented write at address 0x2000000C
[IMPORTANT]: Kintsugi prevented write at address 0x2000000C
[IMPORTANT]: Kintsugi prevented write at addr[[[[[[BM[[[[[[[[[[[[[[[[[[[[[[[[[a[BMS-RX] CMD=WRITEALL len=36 (expected 20)
[IMPORTANT]: Kintsugi prevented write at address 0x2000000C
[IMPORTANT]: Kintsugi prevented write at address 0x2000000C
[IMPORTANT]: Kintsugi prevented write at address 0x2000000C
[IMPORTANT]: Kintsugi prevented write at address 0x2000000C
[IMPORTANT]: Kintsugi prevented write at address 0x2000000C
[IMPORTANT]: Kintsugi prevented write at address 0x2000000C
[IMPORTANT]: Kints[[[[[[[[[[[[[[[[[[[[[[[[[[[[[[l[BMS][MON] V=[ [B[BMS-RX] CMD=WRITEALL len=36 (expected 20)
[IMPORTANT]: Kintsugi prevented write at address 0x2000000C
[IMPORTANT]: Kintsugi prevented write at address 0x2000000C
[IMPORTANT]: Kintsugi prevented write at address 0x2000000C
[IMPORTANT]: Kintsugi prevented write at address 0x2000000C
[IMPORTANT]: Kintsugi prevented write at address 0x2000000C
[IMPORTANT]: Kintsugi prevent[[[[[[[[[[[[[[[[[[[[[[[[[[[[[[[p[BMS][PROT] FAULT! V= I= T= (OVP=1 UVP=0 OCP=0 OTP=0 UTP=0)
[BMS-RX] CMD=WRITEALL len=36 (expected 20)
[IMPORTANT]: Kintsugi prevented write at address 0x2000000C
[IMPORTANT]: Kintsugi prevented write at address 0x2000000C
[IMPORTANT]: Kintsugi prevented write at address 0x2000000C
[IMPORTANT]: Kintsugi prevented write at address 0x2000000C
[IMPORTANT]: Kintsugi prevented write at address 0x2000000C
[IMPORTANT]: Kintsugi prevented write at add[[[[[[[[[[[[[[[[[[[[[[[[[[[[[[[e[BMS][MON] V=V I=A T=C
[BMS][EST] SoC=% SoH=%
[BMS][PROT] FAULT! V= I= T= (OVP=1 UVP=0 OCP=0 OTP=0 UTP=0)
[BMS-RX] CMD=WRITEALL len=36 (expected 20)
[IMPORTANT]: Kintsugi prevented write at address 0x2000000C
[IMPORTANT]: Kintsugi prevented write at address 0x2000000C
[IMPORTANT]: Kintsugi prevented write at address 0x2000000C
[IMPORTANT]: Kintsugi prevented write at address 0x2000000C
[IMPORTANT]: Kintsugi prevented write at address 0x2000000C
[IMPORTANT]: Kintsugi prevented write at address 0x2000000C
[IMPORTANT]: Kintsugi prevented write at address 0x2000000C
[IMPORTANT]: Kintsugi prevented write[[[BO[[[[[[[[[[[[[[[[[[[[[[[[[[ [a[BMS-RX] CMD=WRITEALL len=36 (expected 20)
[IMPORTANT]: Kintsugi prevented write at address 0x2000000C
[IMPORTANT]: Kintsugi prevented write at address 0x2000000C
[IMPORTANT]: Kintsugi prevented write at address 0x2000000C
[IMPORTANT]: Kintsugi prevented write at address 0x2000000C
[IMPORTANT]: Kintsugi prevented write at address 0x2000000C
[IMPORTANT]: Kintsugi prevented write at address 0x2000000C[[[[[[[[[[[[[[[[[[[[[[[[[[[[[[[i[B[[B[BMS-RX] CMD=WRITEALL len=36 (expected 20)
[IMPORTANT]: Kintsugi prevented write at address 0x2000000C
[IMPORTANT]: Kintsugi prevented write at address 0x2000000C
[IMPORTANT]: Kintsugi prevented write at address 0x2000000C
[IMPORTANT]: Kintsugi prevented write at address 0x2000000C
[IMPORTANT]: Kintsugi prevented write at address 0x2000000C
[IMPORTANT]: Kintsugi prevented wri[[[[[[[[[[[[[[[[[[[[[[[[[[[[[[[l[BMS][PROT] FAULT! V= I= T= (OVP=1 UVP=0 OCP=0 OTP=0 UTP=0)
[BMS-RX] CMD=WRITEALL len=36 (expected 20)
[IMPORTANT]: Kintsugi prevented write at address 0x2000000C
[IMPORTANT]: Kintsugi prevented write at address 0x2000000C
[IMPORTANT]: Kintsugi prevented write at address 0x2000000C
[IMPORTANT]: Kintsugi prevented write at address 0x2000000C
[IMPORTANT]: Kintsugi prevented write at address 0x2000000C
[IMPORTANT]: Kintsugi prevented write at address 0x2000000C
[IMPORTANT]:[[[[[[[[[[[[[[[[[[[[[[[[[[[[[[ [BMS][MON] V=V I=A T=C
[BMS][ESTS[B[BMS-RX] CMD=WRITEALL len=36 (expected 20)
[IMPORTANT]: Kintsugi prevented write at address 0x2000000C
[IMPORTANT]: Kintsugi prevented write at address 0x2000000C
[IMPORTANT]: Kintsugi prevented write at address 0x2000000C
[IMPORTANT]: Kintsugi prevented write at address 0x2000000C
[IMPORTANT]: Kintsugi prevented write at address 0x2000000C
[IMPORTANT]: Kintsugi prevent[[[[[[[[[[[[[[[[[[[[[[[[[[[[[[[l[BMS][PROT] FAULT! V= I= T= (OVP=1 UVP=0 OCP=0 OTP=0 UTP=0)
[BMS-RX] CMD=WRITEALL len=36 (expected 20)
[IMPORTANT]: Kintsugi prevented write at address 0x2000000C
[IMPORTANT]: Kintsugi prevented write at address 0x2000000C
[IMPORTANT]: Kintsugi prevented write at address 0x2000000C
[IMPORTANT]: Kintsugi prevented write at address 0x2000000C
[IMPORTANT]: Kintsugi prevented write at address 0x2000000C
[IMPORTANT]: Kintsugi pre[[[[[[[[[[[[[[[[[[[[[[[[[[[[[[[ [BMS][MON] V=V I=A T=C
[BMS][EST] SoC=% SoH=%
[BMS][PROT] FAULT! V= I= T= (OVP=1 UVP=0 OCP=0[BMS-RX] CMD=WRITEALL len=36 (expected 20)
[IMPORTANT]: Kintsugi prevented write at address 0x2000000C
[IMPORTANT]: Kintsugi prevented write at address 0x2000000C
[IMPORTANT]: Kintsugi prevented write at address 0x2000000C
[IMPORTANT]: Kintsugi prevented write at address 0x2000000C
[IMPORTANT]: Kintsugi prevented write at address 0x2000000C
[IMPORTANT]: Kintsugi prev[[[[[[[[[[[[[[[[[[[[[[[[[[[[[[[l[BMS][PROT] FAULT! V= I= T= (OVP=1 UVP=0 OCP=0 OTP=0 UTP=0)
[BMS-RX] CMD=WRITEALL len=36 (expected 20)
[IMPORTANT]: Kintsugi prevented write at address 0x2000000C
[IMPORTANT]: Kintsugi prevented write at address 0x2000000C
[IMPORTANT]: Kintsugi prevented write at address 0x2000000C
[IMPORTANT]: Kintsugi prevented write at address 0x2000000C
[IMPORTANT]: Kintsugi prevented write at address 0x2000000C
[IMPORTANT]: Kintsugi pre[[[[[[[[[[[[[[[[[[[[[[[[[[[[[[[ [BMS][MON] V=V I=A T=C
[BMS][EST] SoC=% SoH=%
[BMS][PROT] FAULT! V= I= T= (OVP=1 UVP=0 OCP=0[BMS-RX] CMD=WRITEALL len=36 (expected 20)
[IMPORTANT]: Kintsugi prevented write at address 0x2000000C
[IMPORTANT]: Kintsugi prevented write at address 0x2000000C
[IMPORTANT]: Kintsugi prevented write at address 0x2000000C
[IMPORTANT]: Kintsugi prevented write at address 0x2000000C
[IMPORTANT]: Kintsugi prevented write at address 0x2000000C
[IMPORTANT]: Kintsugi prevented write at addr[[[[[[[[[[[[[[[[[[[[[[[[[[[[[[[k[BMS][PROT] FAULT! V= I= T= (OVP=1 UVP=0 OCP=0 OTP=0 U[BMS][MON] V=V I=A T=C
[BMS][EST] SoC=% SoH=%
[BMS][PROT] FAULT! V= I= T= (OVP=1 UVP=0 OCP=0 OTP=0 UTP=0)
[BMS-RX] CMD=WRITEALL len=36 (expected 20)
[IMPORTANT]: Kintsugi prevented write at address 0x2000000C
[IMPORTANT]: Kintsugi prevented write at address 0x2000000C
[IMPORTANT]: Kintsugi prevented write at address 0x2000000C
[IMPORTANT]: Kintsugi prevented write at address 0x2000000C
[IMPORTANT]: Kintsugi prevented write at address 0x2000000C
[IMPORTANT]: Kintsugi prevented write at address 0x2000000C
[IMPORTANT]: Kint[[[[[[[[[[[[[[[[[[[[[[[[[[[[[[i[BMS-RX] CMD=WRITEALL len=36 (expected 20)
[IMPORTANT]: Kintsugi prevented write at address 0x2000000C
[IMPORTANT]: Kintsugi prevented write at address 0x2000000C
[IMPORTANT]: Kintsugi prevented write at address 0x2000000C
[IMPORTANT]: Kintsugi prevented write at address 0x2000000C
[IMPORTANT]: Kintsugi prevented write at address 0x2000000C
[IMPORTANT]: Kintsugi prevented write at add[[[[[[[[[[[[BO[[[[[[[[[[[[[[[[[[[e[BMS][COMM] TX frame: V= SoC=% [BMS-RX] CMD=WRITEALL len=36 (expected 20)
[IMPORTANT]: Kintsugi prevented write at address 0x2000000C
[IMPORTANT]: Kintsugi prevented write at address 0x2000000C
[IMPORTANT]: Kintsugi prevented write at address 0x2000000C
[IMPORTANT]: Kintsugi prevented write at address 0x2000000C
[IMPORTANT]: Kintsugi prevented write at address 0x2000000C
[IMPORTANT]: Kintsugi [[[[[[[[[[[[[[[[[[[[[[[[[[[[[[[k[BMS][MON] V=V I=A T=C[o[B[BMS-RX] CMD=WRITEALL len=36 (expected 20)
[IMPORTANT]: Kintsugi prevented write at address 0x2000000C
[IMPORTANT]: Kintsugi prevented write at address 0x2000000C
[IMPORTANT]: Kintsugi prevented write at address 0x2000000C
[IMPORTANT]: Kintsugi prevented write at address 0x2000000C
[IMPORTANT]: Kintsugi prevented write at address 0x2000000C
[IMPORTANT]: Kin[[[[[[[[[[[[[[[[[[[[[[[[[[[[[[[e[BMS][PROT] FAULT! V= I= T= (OVP=1 UVP=0 OCP=0 OTP=0 UTP=0)
[BMS][MON] V=V I=A T=C
[BMS][EST] SoC=% SoH=%
[BMS][PROT] FAULT! V= I= T= (OVP=1 UVP=0 OCP=0 OTP=0 UTP=0)
[BMS-RX] CMD=WRITEALL len=36 (expected 20)
[IMPORTANT]: Kintsugi prevented write at address 0x2000000C
[IMPORTANT]: Kintsugi prevented write at address 0x2000000C
[IMPORTANT]: Kintsugi prevented write at address 0x2000000C
[IMPORTANT]: Kintsugi prevented write at address 0x2000000C
[IMPORTANT]: Kintsugi prevented write at address 0x2000000C
[IMPORTANT]: Kintsugi prevented write at address 0x2000000C
[IMPORTANT]: Kintsu[[[[[[[[[[[[[[[[[[[[[[[[[[[[[[i[BMS-RX] CMD=WRITEALL len=36 (expected 20)
[IMPORTANT]: Kintsugi prevented write at address 0x2000000C
[IMPORTANT]: Kintsugi prevented write at address 0x2000000C
[IMPORTANT]: Kintsugi prevented write at address 0x2000000C
[IMPORTANT]: Kintsugi prevented write at address 0x2000000C
[IMPORTANT]: Kintsugi prevented write at address 0x2000000C
[IMPORTANT]: Kintsugi prevented write at address 0x200000[[[[[[[[[[[[[[[[[[[B[[[[[[[[[[[[[k[BMS-RX] CMD=WRITEALL len=36 (expected 20)
[IMPORTANT]: Kintsugi prevented write at address 0x2000000C
[IMPORTANT]: Kintsugi prevented write at address 0x2000000C
[IMPORTANT]: Kintsugi prevented write at address 0x2000000C
[IMPORTANT]: Kintsugi prevented write at address 0x2000000C
[IMPORTANT]: Kintsugi prevented write at address 0x2000000C
[IMPORTANT]: Kintsugi prevented write at address 0[[[[[[[[[[[[[[[[[[[[[[[[[[[[[[[y[BMS][MON] V=V I=A T=C
[BMS][EST] SoC=% SoH=%
[BMS][P [BMS-RX] CMD=WRITEALL len=36 (expected 20)
[IMPORTANT]: Kintsugi prevented write at address 0x2000000C
[IMPORTANT]: Kintsugi prevented write at address 0x2000000C
[IMPORTANT]: Kintsugi prevented write at address 0x2000000C
[IMPORTANT]: Kintsugi prevented write at address 0x2000000C
[BMS][PROT] FAULT! V= I= T= (OVP=1 UVP=0 OCP=0 OTP=0 UTP=0)
[IMPORTANT]: Kintsugi prevented write at address 0x2000000C
[IMPORTANT]: Kintsugi prevented write at address 0x2000000C
[IMPORTANT]: Kintsugi prevented write at ad[[IMPORTANT]:[[[[[[[IMPORTANT]:[[[[[[[IMPORTANT]:[[[[[[[IMPORTANT]:[[[[[[[BMS-RX] Thre[BMS][MON] V=V I=A T=C
[BMS][EST] SoC=% SoH=%
[BMS-RX] CMD=WRITEALL len=36 (expected 20)
[IMPORTANT]: Kintsugi prevented write at address 0x2000000C
[IMPORTANT]: Kintsugi prevented write at address 0x2000000C
[IMPORTANT]: Kintsugi prevented write at address 0x2000000C
[IMPORTANT]: Kintsugi prevented write at address 0x2000000C
[BMS][PROT] FAULT! V= I= T= (OVP=1 UVP=0 OCP=0 OTP=0 UTP=0)
[IMPORTANT]: Kintsugi p[[[[[[[[[[[[[[[[[[[[[[[[[[[[[[[[e[BMS-RX] CMD=WRITEALL len=36 (expected 20)
[IMPORTANT]: Kintsugi prevented write at address 0x2000000C
[IMPORTANT]: Kintsugi prevented write at address 0x2000000C
[IMPORTANT]: Kintsugi prevented write at address 0x2000000C
[IMPORTANT]: Kintsugi prevented write at address 0x2000000C
[IMPORTANT]: Kintsugi prevented write at address 0x2000000C
[IMPORTANT]: Kintsugi prevented write at address 0x[[[[[[[[[[[[[[[[[[[[[[[[[[[[[[[([BM [BMS-RX] CMD=WRITEALL len=36 (expected 20)
[IMPORTANT]: Kintsugi prevented write at address 0x2000000C
[IMPORTANT]: Kintsugi prevented write at address 0x2000000C
[IMPORTANT]: Kintsugi prevented write at address 0x2000000C
[IMPORTANT]: Kintsugi prevented write at address 0x2000000C
[IMPORTANT]: Kintsugi prevented write at address 0x2000000C
[IMPORTANT]: Kintsugi prevented write at address 0[[[[[[[[[[[[[[[[[[[[[[[[[[[[[[[p[BMS][MON] V=V I=A T=C
[BMS][EST] SoC=% SoH=%
[BMS-RX] CMD=WRITEALL len=36 (expected 20)
[IMPORTANT]: Kintsugi prevented write at address 0x2000000C
[IMPORTANT]: Kintsugi prevented write at address 0x2000000C
[IMPORTANT]: Kintsugi prevented write at address 0x2000000C
[IMPORTANT]: Kintsugi prevented write at address 0x2000000C
[IMPORTANT]: Kintsugi prevented write at address 0x2000000C
[IMPORTANT]: Kintsugi prevented writ[[[[[[[[[[[[[[[[[[[[[[[[[[[[[[[i[BMS][COMM] TX frame: V= SoC=% SoH=% FAULT=0
[BMS-RX] CMD=WRITEALL len=36 (expected 20)
[IMPORTANT]: Kintsugi prevented write at address 0x2000000C
[IMPORTANT]: Kintsugi prevented write at address 0x2000000C
[IMPORTANT]: Kintsugi prevented write at address 0x2000000C
[IMPORTANT]: Kintsugi prevented write at address 0x2000000C
[IMPORTANT]: Kintsugi prevented write at address 0x2000000C
[IMPORTANT]: Kintsugi prevented write [[[[[[[[[[[[[[[[[[[[[[[[[[[[[[[ [BMS][MON] V=V I=A T=C
[BMS][EST] SoC=% SoH=%
[BMS-RX] CMD=WRITEALL len=36 (expected 20)
[IMPORTANT]: Kintsugi prevented write at address 0x2000000C
[IMPORTANT]: Kintsugi prevented write at address 0x2000000C
[IMPORTANT]: Kintsugi prevented write at address 0x2000000C
[IMPORTANT]: Kintsugi prevented write at address 0x2000000C
[IMPORTANT]: Kintsugi prevented write at address 0x2000000C
[IMPORTANT]: Kintsugi prevented write at address 0x2000000C
[IMPORTANT]: Kintsugi prevented write at address 0x2000000C
[IMPORTANT]: Kintsugi prevented write at address 0x2000000C
[IMPORTANT]:[[[[[[[[[[[[[[[[[[[[[[[[[[[[ [BMS-RX] CMD=WRITEALL len=36 (expected 20)
[IMPORTANT]: Kintsugi prevented write at address 0x2000000C
[IMPORTANT]: Kintsugi prevented write at address 0x2000000C
[IMPORTANT]: Kintsugi prevented write at address 0x2000000C
[IMPORTANT]: Kintsugi prevented write at address 0x2000000C
[IMPORTANT]: Kintsugi prevented write at address 0x2000000C
[IMPORTANT]: Kintsugi prevented write at address 0x2000000C
[IMPORTANT]: Kintsugi prevented write at [[[[[[[[[[[[[[[[[[[[[[[[[[[[[[i[BMS][MON] V=V I=A T=C
[BMS][EST] SoC=% So[BMS-RX] CMD=WRITEALL len=36 (expected 20)
[IMPORTANT]: Kintsugi prevented write at address 0x2000000C
[IMPORTANT]: Kintsugi prevented write at address 0x2000000C
[IMPORTANT]: Kintsugi prevented write at address 0x2000000C
[IMPORTANT]: Kintsugi prevented write at address 0x2000000C
[IMPORTANT]: Kintsugi prevented write at address 0x2000000C
[IMPORTANT]: Kintsugi prevent[[[[[[[[[[[[[[[[[[[[[[[[[[[[[[[e[BMS-RX] CMD=WRITEALL len=36 (expected 20)
[IMPORTANT]: Kintsugi prevented write at address 0x2000000C
[IMPORTANT]: Kintsugi prevented write at address 0x2000000C
[IMPORTANT]: Kintsugi prevented write at address 0x2000000C
[IMPORTANT]: Kintsugi prevented write at address 0x2000000C
[IMPORTANT]: Kintsugi prevented write at address 0x2000000C
[IMPORTANT]: Kintsugi prevented write at addr[[[[[[[[[[[[[[[[[[[[[[[[[[[[[[[ [BMS][MON] V=V I=A T=C
[BMS][EST] SoC=% SoH=%
[BMS-RX] CMD=WRITEALL len=36 (expected 20)
[IMPORTANT]: Kintsugi prevented write at address 0x2000000C
[IMPORTANT]: Kintsugi prevented write at address 0x2000000C
[IMPORTANT]: Kintsugi prevented write at address 0x2000000C
[IMPORTANT]: Kintsugi prevented write at address 0x2000000C
[IMPORTANT]: Kintsugi prevented write at address 0x2000000C
[IMPORTANT]: Kintsugi prevented write at address 0x2000000C
[IMPORTANT]: Kintsugi prevented write at address 0x2000000C
[IMPORTANT]: Kintsugi prevented write at address 0x2000000C
[IMPORTANT]:[[[[[[[[[[[[[[[[[[[[[[[[[[[[ [BMS-RX] CMD=WRITEALL len=36 (expected 20)
[IMPORTANT]: Kintsugi prevented write at address 0x2000000C
[IMPORTANT]: Kintsugi prevented write at address 0x2000000C
[IMPORTANT]: Kintsugi prevented write at address 0x2000000C
[IMPORTANT]: Kintsugi prevented write at address 0x2000000C
[IMPORTANT]: Kintsugi prevented write at address 0x2000000C
[IMPORTANT]: Kintsugi prevented write at address 0x2000000C
[IMPORTANT]: Kintsugi prevented write at address 0x200000[[[[[[[[[[[A[[[[[[[[[[[[[[[[[[[[g[BMS-RX] CMD=WRITEALL len=36 (expected 20)
[IMPORTANT]: Kintsugi prevented write at address 0x2000000C
[IMPORTANT]: Kintsugi prevented write at address 0x2000000C
[IMPORTANT]: Kintsugi prevented write at address 0x2000000C
[IMPORTANT]: Kintsugi prevented write at address 0x2000000C
[IMPORTANT]: Kintsugi prevented write at address 0x2000000C
[IMPORTANT]: Kintsugi prevented write at address 0x2000000C
[IMPORTANT]: Kintsugi prevented write at addr[[[[[[[[[[[[[[[[[[[[[[[[[[[[[[k[BMS-RX] CMD=WRITEALL len=36 (expected 20)
[IMPORTANT]: Kintsugi prevented write at address 0x2000000C
[IMPORTANT]: Kintsugi prevented write at address 0x2000000C
[IMPORTANT]: Kintsugi prevented write at address 0x2000000C
[IMPORTANT]: Kintsugi prevented write at address 0x2000000C
[IMPORTANT]: Kintsugi prevented write at address 0x2000000C
[IMPORTANT]: Kintsugi prevented write at [[[[[[[[[[[[[[[[[[[[[[[[[[[[[[[l[BMS][MON] V=V I=A T=C[%[BMS-RX] CMD=WRITEALL len=36 (expected 20)
[IMPORTANT]: Kintsugi prevented write at address 0x2000000C
[IMPORTANT]: Kintsugi prevented write at address 0x2000000C
[IMPORTANT]: Kintsugi prevented write at address 0x2000000C
[IMPORTANT]: Kintsugi prevented write at address 0x2000000C
[IMPORTANT]: Kintsugi prevented write at address 0x2000000C
[IMPORTANT]: Kintsugi [[[[[[[[[[[[[[[[[[[[[[[[[[[[[[[l[BMS][COMM] TX frame: V= SoC=% SoH=% FAULT=0
[BMS][MON] V=V I=A T=C
[BMS][EST] SoC=% SoH=%
[BMS-RX] CMD=WRITEALL len=36 (expected 20)
[IMPORTANT]: Kintsugi prevented write at address 0x2000000C
[IMPORTANT]: Kintsugi prevented write at address 0x2000000C
[IMPORTANT]: Kintsugi prevented write at address 0x2000000C
[IMPORTANT]: Kintsugi prevented write at address 0x2000000C
[IMPORTANT]: Kintsugi prevented write at address 0x2000000C
[IMPORTANT]: Kintsugi prevented write at address 0x2000000C
[IMPORTANT]: Kintsugi prevented write at address 0x2000000C
[IMPORTANT]: Kintsugi preve[[[[[[[[[[[[[[[[[[[[[[[[[[[[[i[BMS-RX] CMD=WRITEALL len=36 (expected 20)
[IMPORTANT]: Kintsugi prevented write at address 0x2000000C
[IMPORTANT]: Kintsugi prevented write at address 0x2000000C
[IMPORTANT]: Kintsugi prevented write at address 0x2000000C
[IMPORTANT]: Kintsugi prevented write at address 0x2000000C
[IMPORTANT]: Kintsugi prevented write at address 0x2000000C
[IMPORTANT]: Kintsugi prevented write at address 0x2[[[[[[[[[[[[[[[[[[[[[[[[[[[[[[[k[BMS-RX] CMD=WRITEALL len=36 (expected 20)
[IMPORTANT]: Kintsugi prevented write at address 0x2000000C
[IMPORTANT]: Kintsugi prevented write at address 0x2000000C
[IMPORTANT]: Kintsugi prevented write at address 0x2000000C
[IMPORTANT]: Kintsugi prevented write at address 0x2000000C
[IMPORTANT]: Kintsugi prevented write at address 0x2000000C
[IMPORTANT]: Kintsugi prevented write at address 0x2000000C
[I[[[[[[[[[[[[[[[[[[[[[[[[[[[[[[p[BMS][MON] V=V I=A T=C
[BMS][EST][BMS-RX] CMD=WRITEALL len=36 (expected 20)
[IMPORTANT]: Kintsugi prevented write at address 0x2000000C
[IMPORTANT]: Kintsugi prevented write at address 0x2000000C
[IMPORTANT]: Kintsugi prevented write at address 0x2000000C
[IMPORTANT]: Kintsugi prevented write at address 0x2000000C
[IMPORTANT]: Kintsugi prevented write at address 0x2000000C
[IMPORTANT]: Kintsugi prevented write at[[[[[[[[[[[[[[[[[[[[[[[[[[[[[[[k[BMS][MON] V=V I=A T=C
[BMS][EST] SoC=% SoH=%
[BMS-RX] CMD=WRITEALL len=36 (expected 20)
[IMPORTANT]: Kintsugi prevented write at address 0x2000000C
[IMPORTANT]: Kintsugi prevented write at address 0x2000000C
[IMPORTANT]: Kintsugi prevented write at address 0x2000000C
[IMPORTANT]: Kintsugi prevented write at address 0x2000000C
[IMPORTANT]: Kintsugi prevented write at address 0x2000000C
[IMPORTANT]: Kintsugi prevented write at address 0x2000000C
[IMPORTANT]: Kintsugi prevented write at address 0x2000000C
[IMPORTANT]: Kintsugi prevented write at address 0x2000000C
[IMPORTANT][[[[[[[[[[[[[[[[[[[[[[[[[[[[r[BMS-RX] CMD=WRITEALL len=36 (expected 20)
[IMPORTANT]: Kintsugi prevented write at address 0x2000000C
[IMPORTANT]: Kintsugi prevented write at address 0x2000000C
[IMPORTANT]: Kintsugi prevented write at address 0x2000000C
[IMPORTANT]: Kintsugi prevented write at address 0x2000000C
[IMPORTANT]: Kintsugi prevented write at address 0x2000000C
[IMPORTANT]: Kintsugi prevented write at address 0x2000000C
[IMPORTANT]: Kintsugi prevented wri[[[[IMPORTANT]:[[[[[[[IMPORTANT]:[[[[[[[IMPORTANT]:[[[[[[[IMPORTANT]:[[[[[r[BMS-RX] CMD=WRITEALL len=36 (expected 20)
[IMPORTANT]: Kintsugi prevented write at address 0x2000000C
[IMPORTANT]: Kintsugi prevented write at address 0x2000000C
[IMPORTANT]: Kintsugi prevented write at address 0x2000000C
[IMPORTANT]: Kintsugi prevented write at address 0x2000000C
[BMS][MON] V=V I=A T=C
[BMS][EST] SoC=% SoH=%
[IMPORTANT]: Kintsugi prevented write at address 0x2000000C
[IMPORTANT]: Kintsugi[[[[[[[[[[[[[[[[[[[[[[[[[[[[[[[g[BMS-RX] CMD=WRITEALL len=36 (expected 20)
[IMPORTANT]: Kintsugi prevented write at address 0x2000000C
[IMPORTANT]: Kintsugi prevented write at address 0x2000000C
[IMPORTANT]: Kintsugi prevented write at address 0x2000000C
[IMPORTANT]: Kintsugi prevented write at address 0x2000000C
[IMPORTANT]: Kintsugi prevented write at address 0x2000000C
[IMPORTANT]: Kintsugi prevented write at address 0x[[[[[[[[[[[[[[[[[[[[[[[[[[[[[[[e[BMS-RX] CMD=WRITEALL len=36 (expected 20)
[IMPORTANT]: Kintsugi prevented write at address 0x2000000C
[IMPORTANT]: Kintsugi prevented write at address 0x2000000C
[IMPORTANT]: Kintsugi prevented write at address 0x2000000C
[IMPORTANT]: Kintsugi prevented write at address 0x2000000C
[IMPORTANT]: Kintsugi prevented write at address 0x2000000C
[IMPORTANT]: Kintsugi prevented write at address 0x2000000C
[IMPORTANT]: Kintsugi prevented write at address 0x2000000C
[IMPORTANT][[[[[[[[[[=[[[[[[[[[[[[[[[[[[[[o[BMS-RX] CMD=WRITEALL len=36 (expected 20)
[IMPORTANT]: Kintsugi prevented write at address 0x2000000C
[IMPORTANT]: Kintsugi prevented write at address 0x2000000C
[IMPORTANT]: Kintsugi prevented write at address 0x2000000C
[IMPORTANT]: Kintsugi prevented write at address 0x2000000C
[IMPORTANT]: Kintsugi prevented write at address 0x2000000C
[IMPORTANT]: Kintsugi prevented write at address 0x2000000C
[IMPORTANT]: Kintsugi prevented write at address 0x2000000C
[IMPORTANT]: K[[[[[[[[[[[[[[[[[[[[[[[[[[[[[k[a[BMS-RX] CMD=WRITEALL len=36 (expected 20)
[IMPORTANT]: Kintsugi prevented write at address 0x2000000C
[IMPORTANT]: Kintsugi prevented write at address 0x2000000C
[IMPORTANT]: Kintsugi prevented write at address 0x2000000C
[IMPORTANT]: Kintsugi prevented write at address 0x2000000C
[IMPORTANT]: Kintsugi prevented write at address 0x2000000C
[IMPORTANT]: Kintsugi prevented write at [[[[[[[[[[[[[[[[[[[[[[[[[[C[[[[[[l[BMS-RX] CMD=WRITEALL len=36 (expected 20)
[IMPORTANT]: Kintsugi prevented write at address 0x2000000C
[IMPORTANT]: Kintsugi prevented write at address 0x2000000C
[IMPORTANT]: Kintsugi prevented write at address 0x2000000C
[IMPORTANT]: Kintsugi prevented write at address 0x2000000C
[IMPORTANT]: Kintsugi prevented write at address 0x2000000C
[IMPORTANT]: Kintsugi prevented write at address 0x2000000C
[IMPORTANT]: Kintsugi prevented write at[[[[[[[[[[[[[[[[[[[[[[[[[[[[[[l[BMS-RX] CMD=WRITEALL len=36 (expected 20)
[IMPORTANT]: Kintsugi prevented write at address 0x2000000C
[IMPORTANT]: Kintsugi prevented write at address 0x2000000C
[IMPORTANT]: Kintsugi prevented write at address 0x2000000C
[IMPORTANT]: Kintsugi prevented write at address 0x2000000C
[IMPORTANT]: Kintsugi prevented write at address 0x2000000C
[IMPORTANT]: Kintsugi prevented write at address 0x200[[[[[[[[[[[[[[[[[[[[[[[[[[[[[[[ [BMS][MON] V=V I=A T=C
[BMS][EST] SoC=% SoH=%
[BMS-RX] CMD=WRITEALL len=36 (expected 20)
[IMPORTANT]: Kintsugi prevented write at address 0x2000000C
[IMPORTANT]: Kintsugi prevented write at address 0x2000000C
[IMPORTANT]: Kintsugi prevented write at address 0x2000000C
[IMPORTANT]: Kintsugi prevented write at address 0x2000000C
[IMPORTANT]: Kintsugi prevented write at address 0x2000000C
[IMPORTANT]: Kintsugi prevented wri[[[[[[[[[[[[[[[[[[[[[[[[[[[[[[[r[BMS][MON] V=V I=A T=C
[BMS][EST] SoC=% SoH=%
[BMS][MON] V=V I=A T=C
[BMS][EST] SoC=% SoH=%
[BMS][MON] V=V I=A T=C
[BMS][EST] SoC=% SoH=%
[BMS][COMM] TX frame: V= SoC=% SoH=% FAULT=0
[BMS][MON] V=V I=A T=C
[BMS][EST] SoC=% SoH=%
[BMS][MON] V=V I=A T=C
[BMS][EST] SoC=% SoH=%
[BMS][MON] V=V I=A T=C
[BMS][EST] SoC=% SoH=%
[BMS][MON] V=V I=A T=C
[BMS][EST] SoC=% SoH=%
[BMS][MON] V=V I=A T=C
[BMS][EST] SoC=% SoH=%
[BMS][COMM] TX frame: V= SoC=% SoH=% FAULT=0
[BMS][MON] V=V I=A T=C
[BMS][EST] SoC=% SoH=%
[BMS][MON] V=V I=A T=C
[BMS][EST] SoC=% SoH=%
[BMS][MON] V=V I=A T=C
[BMS][EST] SoC=% SoH=%
[BMS][MON] V=V I=A T=C
[BMS][EST] SoC=% SoH=%
[BMS][MON] V=V I=A T=C
[BMS][EST] SoC=% SoH=%
[BMS][COMM] TX frame: V= SoC=% SoH=% FAULT=0
[BMS][MON] V=V I=A T=C
[BMS][EST] SoC=% SoH=%
[BMS][MON] V=V I=A T=C
[BMS][EST] SoC=% SoH=%
[BMS][MON] V=V I=A T=C
[BMS][EST] SoC=% SoH=%
[BMS][MON] V=V I=A T=C
[BMS][EST] SoC=% SoH=%
[BMS][MON] V=V I=A T=C
[BMS][EST] SoC=% SoH=%
[BMS][COMM] TX frame: V= SoC=% SoH=% FAULT=0
[BMS][MON] V=V I=A T=C
[BMS][EST] SoC=% SoH=%
[BMS][MON] V=V I=A T=C
[BMS][EST] SoC=% SoH=%
[BMS][MON] V=V I=A T=C
[BMS][EST] SoC=% SoH=%
[BMS][MON] V=V I=A T=C
[BMS][EST] SoC=% SoH=%
[BMS][MON] V=V I=A T=C
[BMS][EST] SoC=% SoH=%
[BMS][COMM] TX frame: V= SoC=% SoH=% FAULT=0
[BMS][MON] V=V I=A T=C
[BMS][EST] SoC=% SoH=%
[BMS][MON] V=V I=A T=C
[BMS][EST] SoC=% SoH=%
[BMS][MON] V=V I=A T=C
[BMS][EST] SoC=% SoH=%
[BMS][MON] V=V I=A T=C
[BMS][EST] SoC=% SoH=%
[BMS][MON] V=V I=A T=C
[BMS][EST] SoC=% SoH=%
[BMS][COMM] TX frame: V= SoC=% SoH=% FAULT=0
[BMS][MON] V=V I=A T=C
[BMS][EST] SoC=% SoH=%
[BMS][MON] V=V I=A T=C
[BMS][EST] SoC=% SoH=%
[BMS][MON] V=V I=A T=C
[BMS][EST] SoC=% SoH=%
[BMS][MON] V=V I=A T=C
[BMS][EST] SoC=% SoH=%
[BMS][MON] V=V I=A T=C
[BMS][EST] SoC=% SoH=%
[BMS][COMM] TX frame: V= SoC=% SoH=% FAULT=0
[BMS][MON] V=V I=A T=C
[BMS][EST] SoC=% SoH=%
[BMS][MON] V=V I=A T=C
[BMS][EST] SoC=% SoH=%
[BMS][MON] V=V I=A T=C
[BMS][EST] SoC=% SoH=%
[BMS][MON] V=V I=A T=C
[BMS][EST] SoC=% SoH=%
[BMS][MON] V=V I=A T=C
[BMS][EST] SoC=% SoH=%
[BMS][COMM] TX frame: V= SoC=% SoH=% FAULT=0
[BMS][MON] V=V I=A T=C
[BMS][EST] SoC=% SoH=%
[BMS][MON] V=V I=A T=C
[BMS][EST] SoC=% SoH=%
[BMS][MON] V=V I=A T=C
[BMS][EST] SoC=% SoH=%
[BMS][MON] V=V I=A T=C
[BMS][EST] SoC=% SoH=%
[BMS][MON] V=V I=A T=C
[BMS][EST] SoC=% SoH=%
[BMS][COMM] TX frame: V= SoC=% SoH=% FAULT=0
[BMS][MON] V=V I=A T=C
[BMS][EST] SoC=% SoH=%
[BMS][MON] V=V I=A T=C
[BMS][EST] SoC=% SoH=%
[BMS][MON] V=V I=A T=C
[BMS][EST] SoC=% SoH=%
[BMS][MON] V=V I=A T=C
[BMS][EST] SoC=% SoH=%
[BMS][MON] V=V I=A T=C
[BMS][EST] SoC=% SoH=%
[BMS][COMM] TX frame: V= SoC=% SoH=% FAULT=0
[BMS][MON] V=V I=A T=C
[BMS][EST] SoC=% SoH=%
[BMS][MON] V=V I=A T=C
[BMS][EST] SoC=% SoH=%
[BMS][MON] V=V I=A T=C
[BMS][EST] SoC=% SoH=%
[BMS][MON] V=V I=A T=C
[BMS][EST] SoC=% SoH=%
[BMS][MON] V=V I=A T=C
[BMS][EST] SoC=% SoH=%
[BMS][COMM] TX frame: V= SoC=% SoH=% FAULT=0
[BMS][MON] V=V I=A T=C
[BMS][EST] SoC=% SoH=%
[BMS][MON] V=V I=A T=C
[BMS][EST] SoC=% SoH=%
[BMS][MON] V=V I=A T=C
[BMS][EST] SoC=% SoH=%
[BMS][MON] V=V I=A T=C
[BMS][EST] SoC=% SoH=%
[BMS][MON] V=V I=A T=C
[BMS][EST] SoC=% SoH=%
[BMS][COMM] TX frame: V= SoC=% SoH=% FAULT=0
[BMS][MON] V=V I=A T=C
[BMS][EST] SoC=% SoH=%
[BMS][MON] V=V I=A T=C
[BMS][EST] SoC=% SoH=%
[BMS][MON] V=V I=A T=C
[BMS][EST] SoC=% SoH=%
[BMS][MON] V=V I=A T=C
[BMS][EST] SoC=% SoH=%
[BMS][MON] V=V I=A T=C
[BMS][EST] SoC=% SoH=%
[BMS][COMM] TX frame: V= SoC=% SoH=% FAULT=0
[BMS][MON] V=V I=A T=C
[BMS][EST] SoC=% SoH=%
[BMS][MON] V=V I=A T=C
[BMS][EST] SoC=% SoH=%
[BMS][MON] V=V I=A T=C
[BMS][EST] SoC=% SoH=%
[BMS][MON] V=V I=A T=C
[BMS][EST] SoC=% SoH=%
[BMS][MON] V=V I=A T=C
[BMS][EST] SoC=% SoH=%
[BMS][COMM] TX frame: V= SoC=% SoH=% FAULT=0
[BMS][MON] V=V I=A T=C
[BMS][EST] SoC=% SoH=%
[BMS][MON] V=V I=A T=C
[BMS][EST] SoC=% SoH=%
[BMS][MON] V=V I=A T=C
[BMS][EST] SoC=% SoH=%
[BMS][MON] V=V I=A T=C
[BMS][EST] SoC=% SoH=%
[BMS][MON] V=V I=A T=C
[BMS][EST] SoC=% SoH=%
[BMS][COMM] TX frame: V= SoC=% SoH=% FAULT=0
[BMS][MON] V=V I=A T=C
[BMS][EST] SoC=% SoH=%
[BMS][MON] V=V I=A T=C
[BMS][EST] SoC=% SoH=%
[BMS][MON] V=V I=A T=C
[BMS][EST] SoC=% SoH=%
[BMS][MON] V=V I=A T=C
[BMS][EST] SoC=% SoH=%
[BMS][MON] V=V I=A T=C
[BMS][EST] SoC=% SoH=%
[BMS][COMM] TX frame: V= SoC=% SoH=% FAULT=0
[BMS][MON] V=V I=A T=C
[BMS][EST] SoC=% SoH=%
[BMS][MON] V=V I=A T=C
[BMS][EST] SoC=% SoH=%
[BMS][MON] V=V I=A T=C
[BMS][EST] SoC=% SoH=%
[BMS][MON] V=V I=A T=C
[BMS][EST] SoC=% SoH=%
[BMS][MON] V=V I=A T=C
[BMS][EST] SoC=% SoH=%
[BMS][COMM] TX frame: V= SoC=% SoH=% FAULT=0
[BMS][MON] V=V I=A T=C
[BMS][EST] SoC=% SoH=%
[BMS][MON] V=V I=A T=C
[BMS][EST] SoC=% SoH=%
[BMS][MON] V=V I=A T=C
[BMS][EST] SoC=% SoH=%
[BMS][MON] V=V I=A T=C
[BMS][EST] SoC=% SoH=%
[BMS][MON] V=V I=A T=C
[BMS][EST] SoC=% SoH=%
[BMS][COMM] TX frame: V= SoC=% SoH=% FAULT=0
[BMS][MON] V=V I=A T=C
[BMS][EST] SoC=% SoH=%
[BMS][MON] V=V I=A T=C
[BMS][EST] SoC=% SoH=%
[BMS][MON] V=V I=A T=C
[BMS][EST] SoC=% SoH=%
[BMS][MON] V=V I=A T=C
[BMS][EST] SoC=% SoH=%
[BMS][MON] V=V I=A T=C
[BMS][EST] SoC=% SoH=%
[BMS][COMM] TX frame: V= SoC=% SoH=% FAULT=0
[BMS][MON] V=V I=A T=C
[BMS][EST] SoC=% SoH=%
[BMS][MON] V=V I=A T=C
[BMS][EST] SoC=% SoH=%
[BMS][MON] V=V I=A T=C
[BMS][EST] SoC=% SoH=%
[BMS][MON] V=V I=A T=C
[BMS][EST] SoC=% SoH=%
[BMS][MON] V=V I=A T=C
[BMS][EST] SoC=% SoH=%
[BMS][COMM] TX frame: V= SoC=% SoH=% FAULT=0
[BMS][MON] V=V I=A T=C
[BMS][EST] SoC=% SoH=%
[BMS][MON] V=V I=A T=C
[BMS][EST] SoC=% SoH=%
[BMS][MON] V=V I=A T=C
[BMS][EST] SoC=% SoH=%
[BMS][MON] V=V I=A T=C
[BMS][EST] SoC=% SoH=%
[BMS][MON] V=V I=A T=C
[BMS][EST] SoC=% SoH=%
[BMS][COMM] TX frame: V= SoC=% SoH=% FAULT=0
[BMS][MON] V=V I=A T=C
[BMS][EST] SoC=% SoH=%
[BMS][MON] V=V I=A T=C
[BMS][EST] SoC=% SoH=%
[BMS][MON] V=V I=A T=C
[BMS][EST] SoC=% SoH=%
[BMS][MON] V=V I=A T=C
[BMS][EST] SoC=% SoH=%
[BMS][MON] V=V I=A T=C
[BMS][EST] SoC=% SoH=%
[BMS][COMM] TX frame: V= SoC=% SoH=% FAULT=0
[BMS][MON] V=V I=A T=C
[BMS][EST] SoC=% SoH=%
[BMS][MON] V=V I=A T=C
[BMS][EST] SoC=% SoH=%
[BMS][MON] V=V I=A T=C
[BMS][EST] SoC=% SoH=%
[BMS][MON] V=V I=A T=C
[BMS][EST] SoC=% SoH=%
[BMS][MON] V=V I=A T=C
[BMS][EST] SoC=% SoH=%
[BMS][COMM] TX frame: V= SoC=% SoH=% FAULT=0
[BMS][MON] V=V I=A T=C
[BMS][EST] SoC=% SoH=%
[BMS][MON] V=V I=A T=C
[BMS][EST] SoC=% SoH=%
[BMS][MON] V=V I=A T=C
[BMS][EST] SoC=% SoH=%
[BMS][MON] V=V I=A T=C
[BMS][EST] SoC=% SoH=%
[BMS][MON] V=V I=A T=C
[BMS][EST] SoC=% SoH=%
[BMS][COMM] TX frame: V= SoC=% SoH=% FAULT=0
[BMS][MON] V=V I=A T=C
[BMS][EST] SoC=% SoH=%
[BMS][MON] V=V I=A T=C
[BMS][EST] SoC=% SoH=%
[BMS][MON] V=V I=A T=C
[BMS][EST] SoC=% SoH=%
[BMS][MON] V=V I=A T=C
[BMS][EST] SoC=% SoH=%
[BMS][MON] V=V I=A T=C
[BMS][EST] SoC=% SoH=%
[BMS][COMM] TX frame: V= SoC=% SoH=% FAULT=0
[BMS][MON] V=V I=A T=C
[BMS][EST] SoC=% SoH=%
[BMS][MON] V=V I=A T=C
[BMS][EST] SoC=% SoH=%
[BMS][MON] V=V I=A T=C
[BMS][EST] SoC=% SoH=%
[BMS][MON] V=V I=A T=C
[BMS][EST] SoC=% SoH=%
[BMS][MON] V=V I=A T=C
[BMS][EST] SoC=% SoH=%
[BMS][COMM] TX frame: V= SoC=% SoH=% FAULT=0
[BMS][MON] V=V I=A T=C
[BMS][EST] SoC=% SoH=%
[BMS][MON] V=V I=A T=C
[BMS][EST] SoC=% SoH=%
[BMS]