[BMS-RX] STATE pack_voltage=V
[BMS][COMM] TX frame: V= SoC=% SoH=% FAULT=1
[BMS][PROT] FAULT! V= I= T= (OVP=1 UVP=0 OCP=0 OTP=0 UTP=0)
[BMS][PROT] FAULT! V= I= T= (OVP=1 UVP=0 OCP=0 OTP=0 UTP=0)
[BMS-RX] STATE pack_voltage=V
[BMS][MON] V=V I=A T=C
[BMS][EST] SoC=% SoH=%
[BMS-RX] STATE pack_voltage=V
[BMS][PROT] FAULT! V= I= T= (OVP=1 UVP=0 OCP=0 OTP=0 UTP=0)
[BMS][PROT] FAULT! V= I= T= (OVP=1 UVP=0 OCP=0 OTP=0 UTP=0)
[BMS-RX] STATE pack_voltage=V
[BMS][MON] V=V I=A T=C
[BMS][EST] SoC=% SoH=%
[BMS-RX] STATE pack_voltage=V
[BMS][PROT] FAULT! V= I= T= (OVP=1 UVP=0 OCP=0 OTP=0 UTP=0)
[BMS][PROT] FAULT! V= I= T= (OVP=1 UVP=0 OCP=0 OTP=0 UTP=0)
Workload Task -1095409136
[BMS-RX] STATE pack_voltage=V
[BMS][MON] V=V I=A T=C
[BMS][EST] SoC=% SoH=%
[BMS-RX] STATE pack_voltage=V
[BMS][PROT] FAULT! V= I= T= (OVP=1 UVP=0 OCP=0 OTP=0 UTP=0)
[BMS][PROT] FAULT! V= I= T= (OVP=1 UVP=0 OCP=0 OTP=0 UTP=0)
[BMS-RX] STATE pack_voltage=V
[BMS][MON] V=V I=A T=C
[BMS][EST] SoC=% SoH=%
[BMS-RX] STATE pack_voltage=V
[BMS][PROT] FAULT! V= I= T= (OVP=1 UVP=0 OCP=0 OTP=0 UTP=0)
[BMS-RX] STATE pack_voltage=V
[BMS][PROT] FAULT! V= I= T= (OVP=1 UVP=0 OCP=0 OTP=0 UTP=0)
[BMS][MON] V=V I=A T=C
[BMS][EST] SoC=% SoH=%
[BMS][COMM] TX frame: V= SoC=% SoH=% FAULT=1
[BMS-RX] STATE pack_voltage=V
[BMS-RX] STATE pack_voltage=V
[BMS][PROT] FAULT! V= I= T= (OVP=1 UVP=0 OCP=0 OTP=0 UTP=0)
[BMS][MON] V=V I=A T=C
[BMS][EST] SoC=% SoH=%
[BMS-RX] STATE pack_voltage=V
[BMS-RX] STATE pack_voltage=V
[BMS][PROT] FAULT! V= I= T= (OVP=1 UVP=0 OCP=0 OTP=0 UTP=0)
[BMS][MON] V=V I=A T=C
[BMS][EST] SoC=% SoH=%
[BMS-RX] STATE pack_voltage=V
[BMS-RX] STATE pack_voltage=V
[BMS][PROT] FAULT! V= I= T= (OVP=1 UVP=0 OCP=0 OTP=0 UTP=0)
[BMS][MON] V=V I=A T=C
[BMS][EST] SoC=% SoH=%
[BMS-RX] STATE pack_voltage=V
[BMS][PROT] FAULT! V= I= T= (OVP=1 UVP=0 OCP=0 OTP=0 UTP=0)
[BMS-RX] STATE pack_voltage=V
[BMS][PROT] FAULT! V= I= T= (OVP=1 UVP=0 OCP=0 OTP=0 UTP=0)
[BMS][MON] V=V I=A T=C
[BMS][EST] SoC=% SoH=%
[BMS-RX] STATE pack_voltage=V
[BMS][PROT] FAULT! V= I= T= (OVP=1 UVP=0 OCP=0 OTP=0 UTP=0)
[BMS][PROT] FAULT! V= I= T= (OVP=1 UVP=0 OCP=0 OTP=0 UTP=0)
[BMS-RX] STATE pack_voltage=V
[BMS][MON] V=V I=A T=C
[BMS][EST] SoC=% SoH=%
[BMS][COMM] TX frame: V= SoC=% SoH=% FAULT=1
[BMS-RX] STATE pack_voltage=V
[BMS][PROT] FAULT! V= I= T= (OVP=1 UVP=0 OCP=0 OTP=0 UTP=0)
[BMS][PROT] FAULT! V= I= T= (OVP=1 UVP=0 OCP=0 OTP=0 UTP=0)
[BMS-RX] STATE pack_voltage=V
[BMS][MON] V=V I=A T=C
[BMS][EST] SoC=% SoH=%
[BMS-RX] STATE pack_voltage=V
[BMS][PROT] FAULT! V= I= T= (OVP=1 UVP=0 OCP=0 OTP=0 UTP=0)
[BMS-RX] STATE pack_voltage=V
[BMS][PROT] FAULT! V= I= T= (OVP=1 UVP=0 OCP=0 OTP=0 UTP=0)
[BMS][MON] V=V I=A T=C
[BMS][EST] SoC=% SoH=%
[BMS-RX] STATE pack_voltage=V
[BMS][PROT] FAULT! V= I= T= (OVP=1 UVP=0 OCP=0 OTP=0 UTP=0)
Workload Task -390426432
[BMS-RX] STATE pack_voltage=V
[BMS][PROT] FAULT! V= I= T= (OVP=1 UVP=0 OCP=0 OTP=0 UTP=0)
[BMS][MON] V=V I=A T=C
[BMS][EST] SoC=% SoH=%
[BMS-RX] STATE pack_voltage=V
[BMS][PROT] FAULT! V= I= T= (OVP=1 UVP=0 OCP=0 OTP=0 UTP=0)
[BMS-RX] STATE pack_voltage=V
[BMS][PROT] FAULT! V= I= T= (OVP=1 UVP=0 OCP=0 OTP=0 UTP=0)
[BMS][MON] V=V I=A T=C
[BMS][EST] SoC=% SoH=%
[BMS][PROT] FAULT! V= I= T= (OVP=0 UVP=0 OCP=1 OTP=1 UTP=0)
[BMS-RX] STATE pack_voltage=V
[BMS-RX] STATE pack_voltage=V
[BMS][PROT] FAULT! V= I= T= (OVP=1 UVP=0 OCP=1 OTP=1 UTP=0)
[BMS][MON] V=V I=A T=C
[BMS][EST] SoC=% SoH=%
[BMS][COMM] TX frame: V= SoC=% SoH=% FAULT=1
[BMS][PROT] FAULT! V= I= T= (OVP=0 UVP=0 OCP=1 OTP=1 UTP=0)
[BMS-RX] STATE pack_voltage=V
[BMS-RX] STATE pack_voltage=V
[BMS][PROT] FAULT! V= I= T= (OVP=1 UVP=0 OCP=1 OTP=1 UTP=0)
[BMS][MON] V=V I=A T=C
[BMS][EST] SoC=% SoH=%
[BMS-RX] STATE pack_voltage=V
[BMS][PROT] FAULT! V= I= T= (OVP=1 UVP=0 OCP=1 OTP=1 UTP=0)
[BMS-RX] STATE pack_voltage=V
[BMS][PROT] FAULT! V= I= T= (OVP=1 UVP=0 OCP=1 OTP=1 UTP=0)
[BMS][MON] V=V I=A T=C
[BMS][EST] SoC=% SoH=%
[BMS-RX] STATE pack_voltage=V
[BMS][PROT] FAULT! V= I= T= (OVP=1 UVP=0 OCP=1 OTP=1 UTP=0)
[BMS-RX] STATE pack_voltage=V
[BMS][PROT] FAULT! V= I= T= (OVP=1 UVP=0 OCP=1 OTP=1 UTP=0)
[BMS][MON] V=V I=A T=C
[BMS][EST] SoC=% SoH=%
[BMS-RX] STATE pack_voltage=V
[BMS][PROT] FAULT! V= I= T= (OVP=1 UVP=0 OCP=1 OTP=1 UTP=0)
[BMS-RX] STATE pack_voltage=V
[BMS][PROT] FAULT! V= I= T= (OVP=1 UVP=0 OCP=1 OTP=1 UTP=0)
[BMS][MON] V=V I=A T=C
[BMS][EST] SoC=% SoH=%
[BMS-RX] STATE pack_voltage=V
[BMS][PROT] FAULT! V= I= T= (OVP=1 UVP=0 OCP=1 OTP=1 UTP=0)
[BMS-RX] STATE pack_voltage=V
[BMS][MON] V=V I=A T=C
[BMS][EST] SoC=% SoH=%
[BMS][PROT] FAULT! V= I= T= (OVP=0 UVP=0 OCP=1 OTP=1 UTP=0)
[BMS][COMM] TX frame: V= SoC=% SoH=% FAULT=1
[BMS-RX] STATE pack_voltage=V
[BMS][PROT] FAULT! V= I= T= (OVP=1 UVP=0 OCP=1 OTP=1 UTP=0)
[BMS-RX] STATE pack_voltage=V
[BMS][MON] V=V I=A T=C
[BMS][EST] SoC=% SoH=%
[BMS][PROT] FAULT! V= I= T= (OVP=0 UVP=0 OCP=1 OTP=1 UTP=0)
[BMS-RX] STATE pack_voltage=V
[BMS][PROT] FAULT! V= I= T= (OVP=1 UVP=0 OCP=1 OTP=1 UTP=0)
[BMS-RX] STATE pack_voltage=V
[BMS][MON] V=V I=A T=C
[BMS][EST] SoC=% SoH=%
[BMS][PROT] FAULT! V= I= T= (OVP=0 UVP=0 OCP=1 OTP=1 UTP=0)
[BMS-RX] STATE pack_voltage=V
[BMS][PROT] FAULT! V= I= T= (OVP=1 UVP=0 OCP=1 OTP=1 UTP=0)
Workload Task 314556272
[BMS-RX] STATE pack_voltage=V
[BMS][MON] V=V I=A T=C
[BMS][EST] SoC=% SoH=%
[BMS][PROT] FAULT! V= I= T= (OVP=0 UVP=0 OCP=1 OTP=1 UTP=0)
[BMS-RX] STATE pack_voltage=V
[BMS][PROT] FAULT! V= I= T= (OVP=1 UVP=0 OCP=1 OTP=1 UTP=0)
[BMS-RX] STATE pack_voltage=V
[BMS][MON] V=V I=A T=C
[BMS][EST] SoC=% SoH=%
[BMS][PROT] FAULT! V= I= T= (OVP=0 UVP=0 OCP=1 OTP=1 UTP=0)
[BMS-RX] STATE pack_voltage=V
[BMS][PROT] FAULT! V= I= T= (OVP=1 UVP=0 OCP=1 OTP=1 UTP=0)
[BMS-RX] STATE pack_voltage=V
[BMS][MON] V=V I=A T=C
[BMS][EST] SoC=% SoH=%
[BMS][PROT] FAULT! V= I= T= (OVP=0 UVP=0 OCP=1 OTP=1 UTP=0)
[BMS][COMM] TX frame: V= SoC=% SoH=% FAULT=1
[BMS-RX] STATE pack_voltage=V
[BMS][PROT] FAULT! V= I= T= (OVP=1 UVP=0 OCP=1 OTP=1 UTP=0)
[BMS-RX] STATE pack_voltage=V
[BMS][MON] V=V I=A T=C
[BMS][EST] SoC=% SoH=%
[BMS][PROT] FAULT! V= I= T= (OVP=0 UVP=0 OCP=1 OTP=1 UTP=0)
[BMS-RX] STATE pack_voltage=V
[BMS][PROT] FAULT! V= I= T= (OVP=1 UVP=0 OCP=1 OTP=1 UTP=0)
[BMS-RX] STATE pack_voltage=V
[BMS][MON] V=V I=A T=C
[BMS][EST] SoC=% SoH=%
[BMS][PROT] FAULT! V= I= T= (OVP=0 UVP=0 OCP=1 OTP=1 UTP=0)
[BMS-RX] STATE pack_voltage=V
[BMS][PROT] FAULT! V= I= T= (OVP=1 UVP=0 OCP=1 OTP=1 UTP=0)
[BMS-RX] STATE pack_voltage=V
[BMS][MON] V=V I=A T=C
[BMS][EST] SoC=% SoH=%
[BMS][PROT] FAULT! V= I= T= (OVP=0 UVP=0 OCP=1 OTP=1 UTP=0)
[BMS-RX] STATE pack_voltage=V
[BMS][PROT] FAULT! V= I= T= (OVP=1 UVP=0 OCP=1 OTP=1 UTP=0)
[BMS-RX] STATE pack_voltage=V
[BMS][MON] V=V I=A T=C
[BMS][EST] SoC=% SoH=%
[BMS][PROT] FAULT! V= I= T= (OVP=0 UVP=0 OCP=1 OTP=1 UTP=0)
[BMS-RX] STATE pack_voltage=V
[BMS][PROT] FAULT! V= I= T= (OVP=1 UVP=0 OCP=1 OTP=1 UTP=0)
[BMS-RX] STATE pack_voltage=V
[BMS][MON] V=V I=A T=C
[BMS][EST] SoC=% SoH=%
[BMS][PROT] FAULT! V= I= T= (OVP=0 UVP=0 OCP=1 OTP=1 UTP=0)
[BMS][COMM] TX frame: V= SoC=% SoH=% FAULT=1
[BMS-RX] STATE pack_voltage=V
[BMS][PROT] FAULT! V= I= T= (OVP=1 UVP=0 OCP=1 OTP=1 UTP=0)
[BMS-RX] STATE pack_voltage=V
[BMS][MON] V=V I=A T=C
[BMS][EST] SoC=% SoH=%
[BMS][PROT] FAULT! V= I= T= (OVP=0 UVP=0 OCP=1 OTP=1 UTP=0)
[BMS-RX] STATE pack_voltage=V
[BMS][PROT] FAULT! V= I= T= (OVP=1 UVP=0 OCP=1 OTP=1 UTP=0)
[BMS-RX] STATE pack_voltage=V
[BMS][MON] V=V I=A T=C
[BMS][EST] SoC=% SoH=%
[BMS][PROT] FAULT! V= I= T= (OVP=0 UVP=0 OCP=1 OTP=1 UTP=0)
[BMS-RX] STATE pack_voltage=V
[BMS][PROT] FAULT! V= I= T= (OVP=1 UVP=0 OCP=1 OTP=1 UTP=0)
Workload Task 1019538976
[BMS-RX] STATE pack_voltage=V
[BMS][MON] V=V I=A T=C
[BMS][EST] SoC=% SoH=%
[BMS][PROT] FAULT! V= I= T= (OVP=0 UVP=0 OCP=1 OTP=1 UTP=0)
[BMS-RX] STATE pack_voltage=V
[BMS][PROT] FAULT! V= I= T= (OVP=1 UVP=0 OCP=1 OTP=1 UTP=0)
[BMS-RX] STATE pack_voltage=V
[BMS][MON] V=V I=A T=C
[BMS][EST] SoC=% SoH=%
[BMS][PROT] FAULT! V= I= T= (OVP=0 UVP=0 OCP=1 OTP=1 UTP=0)
[BMS-RX] STATE pack_voltage=V
[BMS][PROT] FAULT! V= I= T= (OVP=1 UVP=0 OCP=1 OTP=1 UTP=0)
[BMS-RX] STATE pack_voltage=V
[BMS][MON] V=V I=A T=C
[BMS][EST] SoC=% SoH=%
[BMS][PROT] FAULT! V= I= T= (OVP=0 UVP=0 OCP=1 OTP=1 UTP=0)
[BMS][COMM] TX frame: V= SoC=% SoH=% FAULT=1
[BMS-RX] STATE pack_voltage=V
[BMS][PROT] FAULT! V= I= T= (OVP=1 UVP=0 OCP=1 OTP=1 UTP=0)
[BMS-RX] STATE pack_voltage=V
[BMS][MON] V=V I=A T=C
[BMS][EST] SoC=% SoH=%
[BMS][PROT] FAULT! V= I= T= (OVP=0 UVP=0 OCP=1 OTP=1 UTP=0)
[BMS-RX] STATE pack_voltage=V
[BMS][PROT] FAULT! V= I= T= (OVP=1 UVP=0 OCP=1 OTP=1 UTP=0)
[BMS-RX] STATE pack_voltage=V
[BMS][MON] V=V I=A T=C
[BMS][EST] SoC=% SoH=%
[BMS][PROT] FAULT! V= I= T= (OVP=0 UVP=0 OCP=1 OTP=1 UTP=0)
[BMS-RX] STATE pack_voltage=V
[BMS][PROT] FAULT! V= I= T= (OVP=1 UVP=0 OCP=1 OTP=1 UTP=0)
[BMS-RX] STATE pack_voltage=V
[BMS][MON] V=V I=A T=C
[BMS][EST] SoC=% SoH=%
[BMS][PROT] FAULT! V= I= T= (OVP=0 UVP=0 OCP=1 OTP=1 UTP=0)
[BMS-RX] STATE pack_voltage=V
[BMS][PROT] FAULT! V= I= T= (OVP=1 UVP=0 OCP=1 OTP=1 UTP=0)
[BMS][MON] V=V I=A T=C
[BMS][EST] SoC=% SoH=%
[BMS-RX] STATE pack_voltage=V
[BMS][PROT] FAULT! V= I= T= (OVP=1 UVP=0 OCP=1 OTP=1 UTP=0)
[BMS-RX] STATE pack_voltage=V
[BMS][PROT] FAULT! V= I= T= (OVP=1 UVP=0 OCP=1 OTP=1 UTP=0)
[BMS][MON] V=V I=A T=C
[BMS][EST] SoC=% SoH=%
[BMS-RX] STATE pack_voltage=V
[BMS][PROT] FAULT! V= I= T= (OVP=1 UVP=0 OCP=1 OTP=1 UTP=0)
[BMS][COMM] TX frame: V= SoC=% SoH=% FAULT=1
[BMS-RX] STATE pack_voltage=V
[BMS][PROT] FAULT! V= I= T= (OVP=1 UVP=0 OCP=1 OTP=1 UTP=0)
[BMS][MON] V=V I=A T=C
[BMS][EST] SoC=% SoH=%
[BMS-RX] STATE pack_voltage=V
[BMS][PROT] FAULT! V= I= T= (OVP=1 UVP=0 OCP=1 OTP=1 UTP=0)
[BMS-RX] STATE pack_voltage=V
[BMS][PROT] FAULT! V= I= T= (OVP=1 UVP=0 OCP=1 OTP=1 UTP=0)
[BMS][MON] V=V I=A T=C
[BMS][EST] SoC=% SoH=%
[BMS-RX] STATE pack_voltage=V
[BMS][PROT] FAULT! V= I= T= (OVP=1 UVP=0 OCP=1 OTP=1 UTP=0)
[BMS-RX] STATE pack_voltage=V
[BMS][PROT] FAULT! V= I= T= (OVP=1 UVP=0 OCP=1 OTP=1 UTP=0)
Workload Task 1724521680
[BMS][MON] V=V I=A T=C
[BMS][EST] SoC=% SoH=%
[BMS-RX] STATE pack_voltage=V
[BMS][PROT] FAULT! V= I= T= (OVP=1 UVP=0 OCP=1 OTP=1 UTP=0)
[BMS-RX] STATE pack_voltage=V
[BMS][PROT] FAULT! V= I= T= (OVP=1 UVP=0 OCP=1 OTP=1 UTP=0)
[BMS][MON] V=V I=A T=C
[BMS][EST] SoC=% SoH=%
[BMS-RX] STATE pack_voltage=V
[BMS][PROT] FAULT! V= I= T= (OVP=1 UVP=0 OCP=1 OTP=1 UTP=0)
[BMS][PROT] FAULT! V= I= T= (OVP=1 UVP=0 OCP=1 OTP=1 UTP=0)
[BMS-RX] STATE pack_voltage=V
[BMS][MON] V=V I=A T=C
[BMS][EST] SoC=% SoH=%
[BMS-RX] STATE pack_voltage=V
[BMS][PROT] FAULT! V= I= T= (OVP=1 UVP=0 OCP=1 OTP=1 UTP=0)
[BMS][COMM] TX frame: V= SoC=% SoH=% FAULT=1
[BMS][PROT] FAULT! V= I= T= (OVP=1 UVP=0 OCP=1 OTP=1 UTP=0)
[BMS-RX] STATE pack_voltage=V
[BMS][MON] V=V I=A T=C
[BMS][EST] SoC=% SoH=%
[BMS-RX] STATE pack_voltage=V
[BMS][PROT] FAULT! V= I= T= (OVP=1 UVP=0 OCP=1 OTP=1 UTP=0)
[BMS][PROT] FAULT! V= I= T= (OVP=1 UVP=0 OCP=1 OTP=1 UTP=0)
[BMS-RX] STATE pack_voltage=V
[BMS][MON] V=V I=A T=C
[BMS][EST] SoC=% SoH=%
[BMS-RX] STATE pack_voltage=V
[BMS][PROT] FAULT! V= I= T= (OVP=1 UVP=0 OCP=1 OTP=1 UTP=0)
[BMS][PROT] FAULT! V= I= T= (OVP=1 UVP=0 OCP=1 OTP=1 UTP=0)
[BMS-RX] STATE pack_voltage=V
[BMS][MON] V=V I=A T=C
[BMS][EST] SoC=% SoH=%
[BMS-RX] STATE pack_voltage=V
[BMS][PROT] FAULT! V= I= T= (OVP=1 UVP=0 OCP=1 OTP=1 UTP=0)
[BMS][PROT] FAULT! V= I= T= (OVP=1 UVP=0 OCP=1 OTP=1 UTP=0)
[BMS-RX] STATE pack_voltage=V
[BMS][MON] V=V I=A T=C
[BMS][EST] SoC=% SoH=%
[BMS-RX] STATE pack_voltage=V
[BMS][PROT] FAULT! V= I= T= (OVP=1 UVP=0 OCP=1 OTP=1 UTP=0)
[BMS][PROT] FAULT! V= I= T= (OVP=1 UVP=0 OCP=1 OTP=1 UTP=0)
[BMS-RX] STATE pack_voltage=V
[BMS][MON] V=V I=A T=C
[BMS][EST] SoC=% SoH=%
[BMS-RX] STATE pack_voltage=V
[BMS][PROT] FAULT! V= I= T= (OVP=1 UVP=0 OCP=1 OTP=1 UTP=0)
[BMS][COMM] TX frame: V= SoC=% SoH=% FAULT=1
[BMS][PROT] FAULT! V= I= T= (OVP=1 UVP=0 OCP=1 OTP=1 UTP=0)
[BMS][MON] V=V I=A T=C
[BMS][EST] SoC=% SoH=%
[BMS][PROT] FAULT! V= I= T= (OVP=0 UVP=0 OCP=1 OTP=1 UTP=0)
[BMS][PROT] FAULT! V= I= T= (OVP=0 UVP=0 OCP=1 OTP=1 UTP=0)
[BMS][MON] V=V I=A T=C
[BMS][EST] SoC=% SoH=%
[BMS][PROT] FAULT! V= I= T= (OVP=0 UVP=0 OCP=1 OTP=1 UTP=0)
Workload Task -1865462912
[BMS][PROT] FAULT! V= I= T= (OVP=0 UVP=0 OCP=1 OTP=1 UTP=0)
[BMS][MON] V=V I=A T=C
[BMS][EST] SoC=% SoH=%
[BMS][PROT] FAULT! V= I= T= (OVP=0 UVP=0 OCP=1 OTP=1 UTP=0)
[BMS][PROT] FAULT! V= I= T= (OVP=0 UVP=0 OCP=1 OTP=1 UTP=0)
[BMS][MON] V=V I=A T=C
[BMS][EST] SoC=% SoH=%
[BMS][PROT] FAULT! V= I= T= (OVP=0 UVP=0 OCP=1 OTP=1 UTP=0)
[BMS][PROT] FAULT! V= I= T= (OVP=0 UVP=0 OCP=1 OTP=1 UTP=0)
[BMS][MON] V=V I=A T=C
[BMS][EST] SoC=% SoH=%
[BMS][PROT] FAULT! V= I= T= (OVP=0 UVP=0 OCP=1 OTP=1 UTP=0)
[BMS][COMM] TX frame: V= SoC=% SoH=% FAULT=1
[BMS][PROT] FAULT! V= I= T= (OVP=0 UVP=0 OCP=1 OTP=1 UTP=0)
[BMS][MON] V=V I=A T=C
[BMS][EST] SoC=% SoH=%
[BMS][PROT] FAULT! V= I= T= (OVP=0 UVP=0 OCP=1 OTP=1 UTP=0)
[BMS][PROT] FAULT! V= I= T= (OVP=0 UVP=0 OCP=1 OTP=1 UTP=0)
[BMS][MON] V=V I=A T=C
[BMS][EST] SoC=% SoH=%
[BMS][PROT] FAULT! V= I= T= (OVP=0 UVP=0 OCP=1 OTP=1 UTP=0)
[BMS][PROT] FAULT! V= I= T= (OVP=0 UVP=0 OCP=1 OTP=1 UTP=0)
[BMS][MON] V=V I=A T=C
[BMS][EST] SoC=% SoH=%
[BMS][PROT] FAULT! V= I= T= (OVP=0 UVP=0 OCP=1 OTP=1 UTP=0)
[BMS][PROT] FAULT! V= I= T= (OVP=0 UVP=0 OCP=1 OTP=1 UTP=0)
[BMS][MON] V=V I=A T=C
[BMS][EST] SoC=% SoH=%
[BMS][PROT] FAULT! V= I= T= (OVP=0 UVP=0 OCP=1 OTP=1 UTP=0)
[BMS][PROT] FAULT! V= I= T= (OVP=0 UVP=0 OCP=1 OTP=1 UTP=0)
[BMS][MON] V=V I=A T=C
[BMS][EST] SoC=% SoH=%
[BMS][PROT] FAULT! V= I= T= (OVP=0 UVP=0 OCP=1 OTP=1 UTP=0)
[BMS][COMM] TX frame: V= SoC=% SoH=% FAULT=1
[BMS][PROT] FAULT! V= I= T= (OVP=0 UVP=0 OCP=1 OTP=1 UTP=0)
[BMS][MON] V=V I=A T=C
[BMS][EST] SoC=% SoH=%
[BMS][PROT] FAULT! V= I= T= (OVP=0 UVP=0 OCP=1 OTP=1 UTP=0)
[BMS][PROT] FAULT! V= I= T= (OVP=0 UVP=0 OCP=1 OTP=1 UTP=0)
[BMS][MON] V=V I=A T=C
[BMS][EST] SoC=% SoH=%
[BMS][PROT] FAULT! V= I= T= (OVP=0 UVP=0 OCP=1 OTP=1 UTP=0)
Workload Task -1160480208
[BMS][PROT] FAULT! V= I= T= (OVP=0 UVP=0 OCP=1 OTP=1 UTP=0)
[BMS][MON] V=V I=A T=C
[BMS][EST] SoC=% SoH=%
[BMS][PROT] FAULT! V= I= T= (OVP=0 UVP=0 OCP=1 OTP=1 UTP=0)
[BMS][PROT] FAULT! V= I= T= (OVP=0 UVP=0 OCP=1 OTP=1 UTP=0)
[BMS][MON] V=V I=A T=C
[BMS][EST] SoC=% SoH=%
[BMS][PROT] FAULT! V= I= T= (OVP=0 UVP=0 OCP=0 OTP=0 UTP=1)
[BMS][PROT] FAULT! V= I= T= (OVP=0 UVP=0 OCP=0 OTP=0 UTP=1)
[BMS][MON] V=V I=A T=C
[BMS][EST] SoC=% SoH=%
[BMS][PROT] FAULT! V= I= T= (OVP=0 UVP=0 OCP=0 OTP=0 UTP=1)
[BMS][COMM] TX frame: V= SoC=% SoH=% FAULT=1
[BMS][PROT] FAULT! V= I= T= (OVP=0 UVP=0 OCP=0 OTP=0 UTP=1)
[BMS][MON] V=V I=A T=C
[BMS][EST] SoC=% SoH=%
[BMS][PROT] FAULT! V= I= T= (OVP=0 UVP=0 OCP=0 OTP=0 UTP=1)
[BMS][PROT] FAULT! V= I= T= (OVP=0 UVP=0 OCP=0 OTP=0 UTP=1)
[BMS][MON] V=V I=A T=C
[BMS][EST] SoC=% SoH=%
[BMS][PROT] FAULT! V= I= T= (OVP=0 UVP=0 OCP=0 OTP=0 UTP=1)
[BMS][PROT] FAULT! V= I= T= (OVP=0 UVP=0 OCP=0 OTP=0 UTP=1)
[BMS][MON] V=V I=A T=C
[BMS][EST] SoC=% SoH=%
[BMS][PROT] FAULT! V= I= T= (OVP=0 UVP=0 OCP=0 OTP=0 UTP=1)
[BMS][PROT] FAULT! V= I= T= (OVP=0 UVP=0 OCP=0 OTP=0 UTP=1)
[BMS][MON] V=V I=A T=C
[BMS][EST] SoC=% SoH=%
[BMS][PROT] FAULT! V= I= T= (OVP=0 UVP=0 OCP=0 OTP=0 UTP=1)
[BMS][PROT] FAULT! V= I= T= (OVP=0 UVP=0 OCP=0 OTP=0 UTP=1)
[BMS][MON] V=V I=A T=C
[BMS][EST] SoC=% SoH=%
[BMS][PROT] FAULT! V= I= T= (OVP=0 UVP=0 OCP=0 OTP=0 UTP=1)
[BMS][COMM] TX frame: V= SoC=% SoH=% FAULT=1
[BMS][PROT] FAULT! V= I= T= (OVP=0 UVP=0 OCP=0 OTP=0 UTP=1)
[BMS][MON] V=V I=A T=C
[BMS][EST] SoC=% SoH=%
[BMS][PROT] FAULT! V= I= T= (OVP=0 UVP=0 OCP=0 OTP=0 UTP=1)
[BMS][PROT] FAULT! V= I= T= (OVP=0 UVP=0 OCP=0 OTP=0 UTP=1)
[BMS][MON] V=V I=A T=C
[BMS][EST] SoC=% SoH=%
[BMS][PROT] FAULT! V= I= T= (OVP=0 UVP=0 OCP=0 OTP=0 UTP=1)
Workload Task -455497504
[BMS][PROT] FAULT! V= I= T= (OVP=0 UVP=0 OCP=0 OTP=0 UTP=1)
[BMS][MON] V=V I=A T=C
[BMS][EST] SoC=% SoH=%
[BMS][PROT] FAULT! V= I= T= (OVP=0 UVP=0 OCP=0 OTP=0 UTP=1)
[BMS][PROT] FAULT! V= I= T= (OVP=0 UVP=0 OCP=0 OTP=0 UTP=1)
[BMS][MON] V=V I=A T=C
[BMS][EST] SoC=% SoH=%
[BMS][PROT] FAULT! V= I= T= (OVP=0 UVP=0 OCP=0 OTP=0 UTP=1)
[BMS][PROT] FAULT! V= I= T= (OVP=0 UVP=0 OCP=0 OTP=0 UTP=1)
[BMS][MON] V=V I=A T=C
[BMS][EST] SoC=% SoH=%
[BMS][PROT] FAULT! V= I= T= (OVP=0 UVP=0 OCP=0 OTP=0 UTP=1)
[BMS][COMM] TX frame: V= SoC=% SoH=% FAULT=1
[BMS][PROT] FAULT! V= I= T= (OVP=0 UVP=0 OCP=0 OTP=0 UTP=1)
[BMS][MON] V=V I=A T=C
[BMS][EST] SoC=% SoH=%
[BMS][PROT] FAULT! V= I= T= (OVP=0 UVP=0 OCP=0 OTP=0 UTP=1)
[BMS][PROT] FAULT! V= I= T= (OVP=0 UVP=0 OCP=0 OTP=0 UTP=1)
[BMS][MON] V=V I=A T=C
[BMS][EST] SoC=% SoH=%
[BMS][PROT] FAULT! V= I= T= (OVP=0 UVP=0 OCP=0 OTP=0 UTP=1)
[BMS][PROT] FAULT! V= I= T= (OVP=0 UVP=0 OCP=0 OTP=0 UTP=1)
[BMS][MON] V=V I=A T=C
[BMS][EST] SoC=% SoH=%
[BMS][PROT] FAULT! V= I= T= (OVP=0 UVP=0 OCP=0 OTP=0 UTP=1)
[BMS][PROT] FAULT! V= I= T= (OVP=0 UVP=0 OCP=0 OTP=0 UTP=1)
[BMS][MON] V=V I=A T=C
[BMS][EST] SoC=% SoH=%
[BMS][PROT] FAULT! V= I= T= (OVP=0 UVP=0 OCP=0 OTP=0 UTP=1)
[BMS][PROT] FAULT! V= I= T= (OVP=0 UVP=0 OCP=0 OTP=0 UTP=1)
[BMS][MON] V=V I=A T=C
[BMS][EST] SoC=% SoH=%
[BMS][PROT] FAULT! V= I= T= (OVP=0 UVP=0 OCP=0 OTP=0 UTP=1)
[BMS][COMM] TX frame: V= SoC=% SoH=% FAULT=1
[BMS][PROT] FAULT! V= I= T= (OVP=0 UVP=0 OCP=0 OTP=0 UTP=1)
[BMS][MON] V=V I=A T=C
[BMS][EST] SoC=% SoH=%
[BMS][PROT] FAULT! V= I= T= (OVP=0 UVP=0 OCP=0 OTP=0 UTP=1)
[BMS][PROT] FAULT! V= I= T= (OVP=0 UVP=0 OCP=0 OTP=0 UTP=1)
[BMS][MON] V=V I=A T=C
[BMS][EST] SoC=% SoH=%
[BMS][PROT] FAULT! V= I= T= (OVP=0 UVP=0 OCP=0 OTP=0 UTP=1)
Workload Task 249485200
[BMS][PROT] FAULT! V= I= T= (OVP=0 UVP=0 OCP=0 OTP=0 UTP=1)
[BMS][MON] V=V I=A T=C
[BMS][EST] SoC=% SoH=%
[BMS][PROT] FAULT! V= I= T= (OVP=0 UVP=0 OCP=0 OTP=0 UTP=1)
[BMS][PROT] FAULT! V= I= T= (OVP=0 UVP=0 OCP=0 OTP=0 UTP=1)
[BMS][MON] V=V I=A T=C
[BMS][EST] SoC=% SoH=%
[BMS][PROT] FAULT! V= I= T= (OVP=0 UVP=0 OCP=0 OTP=0 UTP=1)
[BMS][PROT] FAULT! V= I= T= (OVP=0 UVP=0 OCP=0 OTP=0 UTP=1)
[BMS][MON] V=V I=A T=C
[BMS][EST] SoC=% SoH=%
[BMS][PROT] FAULT! V= I= T= (OVP=0 UVP=0 OCP=0 OTP=0 UTP=1)
[BMS][COMM] TX frame: V= SoC=% SoH=% FAULT=1
[BMS][PROT] FAULT! V= I= T= (OVP=0 UVP=0 OCP=0 OTP=0 UTP=1)
[BMS][MON] V=V I=A T=C
[BMS][EST] SoC=% SoH=%
[BMS][PROT] FAULT! V= I= T= (OVP=0 UVP=0 OCP=0 OTP=0 UTP=1)
[BMS][PROT] FAULT! V= I= T= (OVP=0 UVP=0 OCP=0 OTP=0 UTP=1)
[BMS][MON] V=V I=A T=C
[BMS][EST] SoC=% SoH=%
[BMS][PROT] FAULT! V= I= T= (OVP=0 UVP=0 OCP=0 OTP=0 UTP=1)
[BMS][PROT] FAULT! V= I= T= (OVP=0 UVP=0 OCP=0 OTP=0 UTP=1)
[BMS][MON] V=V I=A T=C
[BMS][EST] SoC=% SoH=%
[BMS][PROT] FAULT! V= I= T= (OVP=0 UVP=0 OCP=0 OTP=0 UTP=1)
[BMS][PROT] FAULT! V= I= T= (OVP=0 UVP=0 OCP=0 OTP=0 UTP=1)
[BMS][MON] V=V I=A T=C
[BMS][EST] SoC=% SoH=%
[BMS][PROT] FAULT! V= I= T= (OVP=0 UVP=0 OCP=0 OTP=0 UTP=1)
[BMS][PROT] FAULT! V= I= T= (OVP=0 UVP=0 OCP=0 OTP=0 UTP=1)
[BMS][MON] V=V I=A T=C
[BMS][EST] SoC=% SoH=%
[BMS][PROT] FAULT! V= I= T= (OVP=0 UVP=0 OCP=0 OTP=0 UTP=1)
[BMS][COMM] TX frame: V= SoC=% SoH=% FAULT=1
[BMS][PROT] FAULT! V= I= T= (OVP=0 UVP=0 OCP=0 OTP=0 UTP=1)
[BMS][MON] V=V I=A T=C
[BMS][EST] SoC=% SoH=%
[BMS][PROT] FAULT! V= I= T= (OVP=0 UVP=0 OCP=0 OTP=0 UTP=1)
[BMS][PROT] FAULT! V= I= T= (OVP=0 UVP=0 OCP=0 OTP=0 UTP=1)
[BMS][MON] V=V I=A T=C
[BMS][EST] SoC=% SoH=%
[BMS][PROT] FAULT! V= I= T= (OVP=0 UVP=0 OCP=0 OTP=0 UTP=1)
Workload Task 954467904
[BMS][PROT] FAULT! V= I= T= (OVP=0 UVP=0 OCP=0 OTP=0 UTP=1)
[BMS][MON] V=V I=A T=C
[BMS][EST] SoC=% SoH=%
[BMS][PROT] FAULT! V= I= T= (OVP=0 UVP=0 OCP=0 OTP=0 UTP=1)
[BMS][PROT] FAULT! V= I= T= (OVP=0 UVP=0 OCP=0 OTP=0 UTP=1)
[BMS][MON] V=V I=A T=C
[BMS][EST] SoC=% SoH=%
[BMS][PROT] FAULT! V= I= T= (OVP=0 UVP=0 OCP=0 OTP=0 UTP=1)
[BMS][PROT] FAULT! V= I= T= (OVP=0 UVP=0 OCP=0 OTP=0 UTP=1)
[BMS][MON] V=V I=A T=C
[BMS][EST] SoC=% SoH=%
[BMS][PROT] FAULT! V= I= T= (OVP=0 UVP=0 OCP=0 OTP=0 UTP=1)
[BMS][COMM] TX frame: V= SoC=% SoH=% FAULT=1
[BMS][PROT] FAULT! V= I= T= (OVP=0 UVP=0 OCP=0 OTP=0 UTP=1)
[BMS][MON] V=V I=A T=C
[BMS][EST] SoC=% SoH=%
[BMS][PROT] FAULT! V= I= T= (OVP=0 UVP=0 OCP=0 OTP=0 UTP=1)
[BMS][PROT] FAULT! V= I= T= (OVP=0 UVP=0 OCP=0 OTP=0 UTP=1)
[BMS][MON] V=V I=A T=C
[BMS][EST] SoC=% SoH=%
[BMS][PROT] FAULT! V= I= T= (OVP=0 UVP=0 OCP=0 OTP=0 UTP=1)
[BMS][PROT] FAULT! V= I= T= (OVP=0 UVP=0 OCP=0 OTP=0 UTP=1)
[BMS][MON] V=V I=A T=C
[BMS][EST] SoC=% SoH=%
[BMS][PROT] FAULT! V= I= T= (OVP=0 UVP=0 OCP=0 OTP=0 UTP=1)
[BMS][PROT] FAULT! V= I= T= (OVP=0 UVP=0 OCP=0 OTP=0 UTP=1)
[BMS][MON] V=V I=A T=C
[BMS][EST] SoC=% SoH=%
[BMS][PROT] FAULT! V= I= T= (OVP=0 UVP=0 OCP=0 OTP=0 UTP=1)
[BMS][PROT] FAULT! V= I= T= (OVP=0 UVP=0 OCP=0 OTP=0 UTP=1)
[BMS][MON] V=V I=A T=C
[BMS][EST] SoC=% SoH=%
[BMS][PROT] FAULT! V= I= T= (OVP=0 UVP=0 OCP=0 OTP=0 UTP=1)
[BMS][COMM] TX frame: V= SoC=% SoH=% FAULT=1
[BMS][PROT] FAULT! V= I= T= (OVP=0 UVP=0 OCP=0 OTP=0 UTP=1)
[BMS][MON] V=V I=A T=C
[BMS][EST] SoC=% SoH=%
[BMS][PROT] FAULT! V= I= T= (OVP=0 UVP=0 OCP=0 OTP=0 UTP=1)
[BMS][PROT] FAULT! V= I= T= (OVP=0 UVP=0 OCP=0 OTP=0 UTP=1)
[BMS][MON] V=V I=A T=C
[BMS][EST] SoC=% SoH=%
[BMS][PROT] FAULT! V= I= T= (OVP=0 UVP=0 OCP=0 OTP=0 UTP=1)
Workload Task 1659450608
[BMS][PROT] FAULT! V= I= T= (OVP=0 UVP=0 OCP=0 OTP=0 UTP=1)
[BMS][MON] V=V I=A T=C
[BMS][EST] SoC=% SoH=%
[BMS][PROT] FAULT! V= I= T= (OVP=0 UVP=0 OCP=0 OTP=0 UTP=1)
[BMS][PROT] FAULT! V= I= T= (OVP=0 UVP=0 OCP=0 OTP=0 UTP=1)
[BMS][MON] V=V I=A T=C
[BMS][EST] SoC=% SoH=%
[BMS][PROT] FAULT! V= I= T= (OVP=0 UVP=0 OCP=0 OTP=0 UTP=1)
[BMS][PROT] FAULT! V= I= T= (OVP=0 UVP=0 OCP=0 OTP=0 UTP=1)
[BMS][MON] V=V I=A T=C
[BMS][EST] SoC=% SoH=%
[BMS][PROT] FAULT! V= I= T= (OVP=0 UVP=0 OCP=0 OTP=0 UTP=1)
[BMS][COMM] TX frame: V= SoC=% SoH=% FAULT=1
[BMS][PROT] FAULT! V= I= T= (OVP=0 UVP=0 OCP=0 OTP=0 UTP=1)
[BMS][MON] V=V I=A T=C
[BMS][EST] SoC=% SoH=%
[BMS][PROT] FAULT! V= I= T= (OVP=0 UVP=0 OCP=0 OTP=0 UTP=1)
[BMS][PROT] FAULT! V= I= T= (OVP=0 UVP=0 OCP=0 OTP=0 UTP=1)
[BMS][MON] V=V I=A T=C
[BMS][EST] SoC=% SoH=%
[BMS][PROT] FAULT! V= I= T= (OVP=0 UVP=0 OCP=0 OTP=0 UTP=1)
[BMS][PROT] FAULT! V= I= T= (OVP=0 UVP=0 OCP=0 OTP=0 UTP=1)
[BMS][MON] V=V I=A T=C
[BMS][EST] SoC=% SoH=%
[BMS][PROT] FAULT! V= I= T= (OVP=0 UVP=0 OCP=0 OTP=0 UTP=1)
[BMS][PROT] FAULT! V= I= T= (OVP=0 UVP=0 OCP=0 OTP=0 UTP=1)
[BMS][MON] V=V I=A T=C
[BMS][EST] SoC=% SoH=%
[BMS][PROT] FAULT! V= I= T= (OVP=0 UVP=0 OCP=0 OTP=0 UTP=1)
[BMS][PROT] FAULT! V= I= T= (OVP=0 UVP=0 OCP=0 OTP=0 UTP=1)
[BMS][MON] V=V I=A T=C
[BMS][EST] SoC=% SoH=%
[BMS][PROT] FAULT! V= I= T= (OVP=0 UVP=0 OCP=0 OTP=0 UTP=1)
[BMS][COMM] TX frame: V= SoC=% SoH=% FAULT=1
[BMS][PROT] FAULT! V= I= T= (OVP=0 UVP=0 OCP=0 OTP=0 UTP=1)
[BMS][MON] V=V I=A T=C
[BMS][EST] SoC=% SoH=%
[BMS][PROT] FAULT! V= I= T= (OVP=0 UVP=0 OCP=0 OTP=0 UTP=1)
[BMS][PROT] FAULT! V= I= T= (OVP=0 UVP=0 OCP=0 OTP=0 UTP=1)
[BMS][MON] V=V I=A T=C
[BMS][EST] SoC=% SoH=%
Workload Task -1930533984
[BMS][PROT] FAULT! V= I= T= (OVP=0 UVP=0 OCP=0 OTP=0 UTP=1)
[BMS][PROT] FAULT! V= I= T= (OVP=0 UVP=0 OCP=0 OTP=0 UTP=1)
[BMS][MON] V=V I=A T=C
[BMS][EST] SoC=% SoH=%
[BMS][PROT] FAULT! V= I= T= (OVP=0 UVP=0 OCP=0 OTP=0 UTP=1)
[BMS][PROT] FAULT! V= I= T= (OVP=0 UVP=0 OCP=0 OTP=0 UTP=1)
[BMS][MON] V=V I=A T=C
[BMS][EST] SoC=% SoH=%
[BMS][PROT] FAULT! V= I= T= (OVP=0 UVP=0 OCP=0 OTP=0 UTP=1)
[BMS][PROT] FAULT! V= I= T= (OVP=0 UVP=0 OCP=0 OTP=0 UTP=1)
[BMS][MON] V=V I=A T=C
[BMS][EST] SoC=% SoH=%
[BMS][COMM] TX frame: V= SoC=% SoH=% FAULT=0
[BMS][MON] V=V I=A T=C
[BMS][EST] SoC=% SoH=%
[BMS][MON] V=V I=A T=C
[BMS][EST] SoC=% SoH=%
[BMS][MON] V=V I=A T=C
[BMS][EST] SoC=% SoH=%
[BMS][MON] V=V I=A T=C
[BMS][EST] SoC=% SoH=%
[BMS][MON] V=V I=A T=C
[BMS][EST] SoC=% SoH=%
[BMS][COMM] TX frame: V= SoC=% SoH=% FAULT=0
[BMS][MON] V=V I=A T=C
[BMS][EST] SoC=% SoH=%
[BMS][MON] V=V I=A T=C
[BMS][EST] SoC=% SoH=%
Workload Task -1225551280
[BMS][MON] V=V I=A T=C
[BMS][EST] SoC=% SoH=%
[BMS][MON] V=V I=A T=C
[BMS][EST] SoC=% SoH=%
[BMS][MON] V=V I=A T=C
[BMS][EST] SoC=% SoH=%
[BMS][COMM] TX frame: V= SoC=% SoH=% FAULT=0
[BMS][MON] V=V I=A T=C
[BMS][EST] SoC=% SoH=%
[BMS][MON] V=V I=A T=C
[BMS][EST] SoC=% SoH=%
[BMS][MON] V=V I=A T=C
[BMS][EST] SoC=% SoH=%
[BMS][MON] V=V I=A T=C
[BMS][EST] SoC=% SoH=%
[BMS][MON] V=V I=A T=C
[BMS][EST] SoC=% SoH=%
[BMS][COMM] TX frame: V= SoC=% SoH=% FAULT=0
[BMS][MON] V=V I=A T=C
[BMS][EST] SoC=% SoH=%
[BMS][MON] V=V I=A T=C
[BMS][EST] SoC=% SoH=%
Workload Task -520568576
[BMS][MON] V=V I=A T=C
[BMS][EST] SoC=% SoH=%
[BMS][MON] V=V I=A T=C
[BMS][EST] SoC=% SoH=%
[BMS][MON] V=V I=A T=C
[BMS][EST] SoC=% SoH=%
[BMS][COMM] TX frame: V= SoC=% SoH=% FAULT=0
[BMS][MON] V=V I=A T=C
[BMS][EST] SoC=% SoH=%
[BMS][MON] V=V I=A T=C
[BMS][EST] SoC=% SoH=%
[BMS][MON] V=V I=A T=C
[BMS][EST] SoC=% SoH=%
[BMS][MON] V=V I=A T=C
[BMS][EST] SoC=% SoH=%
[BMS][MON] V=V I=A T=C
[BMS][EST] SoC=% SoH=%
[BMS][COMM] TX frame: V= SoC=% SoH=% FAULT=0
[BMS][MON] V=V I=A T=C
[BMS][EST] SoC=% SoH=%
[BMS][MON] V=V I=A T=C
[BMS][EST] SoC=% SoH=%
Workload Task 184414128
[BMS][MON] V=V I=A T=C
[BMS][EST] SoC=% SoH=%
[BMS][MON] V=V I=A T=C
[BMS][EST] SoC=% SoH=%
[BMS][MON] V=V I=A T=C
[BMS][EST] SoC=% SoH=%
[BMS][COMM] TX frame: V= SoC=% SoH=% FAULT=0
[BMS][MON] V=V I=A T=C
[BMS][EST] SoC=% SoH=%
[BMS][MON] V=V I=A T=C
[BMS][EST] SoC=% SoH=%
[BMS][MON] V=V I=A T=C
[BMS][EST] SoC=% SoH=%
[BMS][MON] V=V I=A T=C
[BMS][EST] SoC=% SoH=%
[BMS][MON] V=V I=A T=C
[BMS][EST] SoC=% SoH=%
[BMS][COMM] TX frame: V= SoC=% SoH=% FAULT=0
[BMS][MON] V=V I=A T=C
[BMS][EST] SoC=% SoH=%
[BMS][MON] V=V I=A T=C
[BMS][EST] SoC=% SoH=%
Workload Task 889396832
[BMS][MON] V=V I=A T=C
[BMS][EST] SoC=% SoH=%
[BMS][MON] V=V I=A T=C
[BMS][EST] SoC=% SoH=%
[BMS][MON] V=V I=A T=C
[BMS][EST] SoC=% SoH=%
[BMS][COMM] TX frame: V= SoC=% SoH=% FAULT=0
[BMS][MON] V=V I=A T=C
[BMS][EST] SoC=% SoH=%
[BMS][MON] V=V I=A T=C
[BMS][EST] SoC=% SoH=%
[BMS][MON] V=V I=A T=C
[BMS][EST] SoC=% SoH=%
[BMS][MON] V=V I=A T=C
[BMS][EST] SoC=% SoH=%
[BMS][MON] V=V I=A T=C
[BMS][EST] SoC=% SoH=%
[BMS][COMM] TX frame: V= SoC=% SoH=% FAULT=0
[BMS][MON] V=V I=A T=C
[BMS][EST] SoC=% SoH=%
[BMS][MON] V=V I=A T=C
[BMS][EST] SoC=% SoH=%
Workload Task 1594379536
[BMS][MON] V=V I=A T=C
[BMS][EST] SoC=% SoH=%
[BMS][MON] V=V I=A T=C
[BMS][EST] SoC=% SoH=%
[BMS][MON] V=V I=A T=C
[BMS][EST] SoC=% SoH=%
[BMS][COMM] TX frame: V= SoC=% SoH=% FAULT=0
[BMS][MON] V=V I=A T=C
[BMS][EST] SoC=% SoH=%
[BMS][PROT] FAULT! V= I= T= (OVP=1 UVP=0 OCP=0 OTP=0 UTP=0)
[BMS][PROT] FAULT! V= I= T= (OVP=1 UVP=0 OCP=0 OTP=0 UTP=0)
[BMS][MON] V=V I=A T=C
[BMS][EST] SoC=% SoH=%
[BMS][PROT] FAULT! V= I= T= (OVP=1 UVP=0 OCP=0 OTP=0 UTP=0)
[BMS][PROT] FAULT! V= I= T= (OVP=1 UVP=0 OCP=0 OTP=0 UTP=0)
[BMS][MON] V=V I=A T=C
[BMS][EST] SoC=% SoH=%
[BMS][PROT] FAULT! V= I= T= (OVP=1 UVP=0 OCP=0 OTP=0 UTP=0)
[BMS][PROT] FAULT! V= I= T= (OVP=1 UVP=0 OCP=0 OTP=0 UTP=0)
[BMS][MON] V=V I=A T=C
[BMS][EST] SoC=% SoH=%
[BMS][PROT] FAULT! V= I= T= (OVP=1 UVP=0 OCP=0 OTP=0 UTP=0)
[BMS][PROT] FAULT! V= I= T= (OVP=1 UVP=0 OCP=0 OTP=0 UTP=0)
[BMS][MON] V=V I=A T=C
[BMS][EST] SoC=% SoH=%
[BMS][PROT] FAULT! V= I= T= (OVP=1 UVP=0 OCP=0 OTP=0 UTP=0)
[BMS][COMM] TX frame: V= SoC=% SoH=% FAULT=1
[BMS][PROT] FAULT! V= I= T= (OVP=1 UVP=0 OCP=0 OTP=0 UTP=0)
[BMS][MON] V=V I=A T=C
[BMS][EST] SoC=% SoH=%
[BMS][PROT] FAULT! V= I= T= (OVP=1 UVP=0 OCP=0 OTP=0 UTP=0)
[BMS][PROT] FAULT! V= I= T= (OVP=1 UVP=0 OCP=0 OTP=0 UTP=0)
[BMS][MON] V=V I=A T=C
[BMS][EST] SoC=% SoH=%
Workload Task -1995605056
[BMS][PROT] FAULT! V= I= T= (OVP=1 UVP=0 OCP=0 OTP=0 UTP=0)
[BMS][PROT] FAULT! V= I= T= (OVP=1 UVP=0 OCP=0 OTP=0 UTP=0)
[BMS][MON] V=V I=A T=C
[BMS][EST] SoC=% SoH=%
[BMS][PROT] FAULT! V= I= T= (OVP=1 UVP=0 OCP=0 OTP=0 UTP=0)
[BMS][PROT] FAULT! V= I= T= (OVP=1 UVP=0 OCP=0 OTP=0 UTP=0)
[BMS][MON] V=V I=A T=C
[BMS][EST] SoC=% SoH=%
[BMS][PROT] FAULT! V= I= T= (OVP=1 UVP=0 OCP=0 OTP=0 UTP=0)
[BMS][PROT] FAULT! V= I= T= (OVP=1 UVP=0 OCP=0 OTP=0 UTP=0)
[BMS][MON] V=V I=A T=C
[BMS][EST] SoC=% SoH=%
[BMS][PROT] FAULT! V= I= T= (OVP=1 UVP=0 OCP=0 OTP=0 UTP=0)
[BMS][COMM] TX frame: V= SoC=% SoH=% FAULT=1
[BMS][PROT] FAULT! V= I= T= (OVP=1 UVP=0 OCP=0 OTP=0 UTP=0)
[BMS][MON] V=V I=A T=C
[BMS][EST] SoC=% SoH=%
[BMS][PROT] FAULT! V= I= T= (OVP=1 UVP=0 OCP=0 OTP=0 UTP=0)
[BMS][PROT] FAULT! V= I= T= (OVP=1 UVP=0 OCP=0 OTP=0 UTP=0)
[BMS][MON] V=V I=A T=C
[BMS][EST] SoC=% SoH=%
[BMS][PROT] FAULT! V= I= T= (OVP=1 UVP=0 OCP=0 OTP=0 UTP=0)
[BMS][PROT] FAULT! V= I= T= (OVP=1 UVP=0 OCP=0 OTP=0 UTP=0)
[BMS][MON] V=V I=A T=C
[BMS][EST] SoC=% SoH=%
[BMS][PROT] FAULT! V= I= T= (OVP=1 UVP=0 OCP=0 OTP=0 UTP=0)
[BMS][PROT] FAULT! V= I= T= (OVP=1 UVP=0 OCP=0 OTP=0 UTP=0)
[BMS][MON] V=V I=A T=C
[BMS][EST] SoC=% SoH=%
[BMS][PROT] FAULT! V= I= T= (OVP=1 UVP=0 OCP=0 OTP=0 UTP=0)
[BMS][PROT] FAULT! V= I= T= (OVP=1 UVP=0 OCP=0 OTP=0 UTP=0)
[BMS][MON] V=V I=A T=C
[BMS][EST] SoC=% SoH=%
[BMS][